{"L:\\npm dev Packages\\src\\cli\\commands\\makeMigration.ts": {"path":"L:\\npm dev Packages\\src\\cli\\commands\\makeMigration.ts","statementMap":{"0":{"start":{"line":147,"column":0},"end":{"line":147,"column":7}},"1":{"start":{"line":2,"column":0},"end":{"line":2,"column":20}},"2":{"start":{"line":3,"column":0},"end":{"line":3,"column":24}},"3":{"start":{"line":4,"column":0},"end":{"line":4,"column":26}},"4":{"start":{"line":5,"column":0},"end":{"line":5,"column":64}},"5":{"start":{"line":7,"column":0},"end":{"line":7,"column":43}},"6":{"start":{"line":8,"column":0},"end":{"line":8,"column":84}},"7":{"start":{"line":9,"column":0},"end":{"line":9,"column":76}},"8":{"start":{"line":10,"column":0},"end":{"line":10,"column":null}},"9":{"start":{"line":14,"column":0},"end":{"line":14,"column":49}},"10":{"start":{"line":15,"column":0},"end":{"line":15,"column":59}},"11":{"start":{"line":42,"column":2},"end":{"line":50,"column":3}},"12":{"start":{"line":43,"column":4},"end":{"line":45,"column":5}},"13":{"start":{"line":44,"column":6},"end":{"line":44,"column":18}},"14":{"start":{"line":46,"column":4},"end":{"line":49,"column":5}},"15":{"start":{"line":47,"column":6},"end":{"line":47,"column":52}},"16":{"start":{"line":47,"column":40},"end":{"line":47,"column":52}},"17":{"start":{"line":48,"column":6},"end":{"line":48,"column":45}},"18":{"start":{"line":48,"column":33},"end":{"line":48,"column":45}},"19":{"start":{"line":51,"column":2},"end":{"line":51,"column":15}},"20":{"start":{"line":58,"column":46},"end":{"line":58,"column":70}},"21":{"start":{"line":59,"column":2},"end":{"line":61,"column":3}},"22":{"start":{"line":60,"column":4},"end":{"line":60,"column":63}},"23":{"start":{"line":62,"column":2},"end":{"line":62,"column":16}},"24":{"start":{"line":66,"column":17},"end":{"line":66,"column":43}},"25":{"start":{"line":67,"column":22},"end":{"line":67,"column":45}},"26":{"start":{"line":68,"column":2},"end":{"line":68,"column":79}},"27":{"start":{"line":72,"column":2},"end":{"line":74,"column":3}},"28":{"start":{"line":73,"column":4},"end":{"line":73,"column":17}},"29":{"start":{"line":75,"column":18},"end":{"line":75,"column":51}},"30":{"start":{"line":76,"column":2},"end":{"line":76,"column":75}},"31":{"start":{"line":87,"column":2},"end":{"line":87,"column":54}},"32":{"start":{"line":94,"column":15},"end":{"line":94,"column":32}},"33":{"start":{"line":95,"column":2},"end":{"line":102,"column":3}},"34":{"start":{"line":96,"column":4},"end":{"line":96,"column":54}},"35":{"start":{"line":96,"column":45},"end":{"line":96,"column":54}},"36":{"start":{"line":98,"column":21},"end":{"line":98,"column":44}},"37":{"start":{"line":99,"column":4},"end":{"line":99,"column":84}},"38":{"start":{"line":99,"column":75},"end":{"line":99,"column":84}},"39":{"start":{"line":100,"column":4},"end":{"line":100,"column":70}},"40":{"start":{"line":100,"column":61},"end":{"line":100,"column":70}},"41":{"start":{"line":101,"column":4},"end":{"line":101,"column":29}},"42":{"start":{"line":104,"column":2},"end":{"line":104,"column":19}},"43":{"start":{"line":108,"column":21},"end":{"line":108,"column":71}},"44":{"start":{"line":108,"column":50},"end":{"line":108,"column":69}},"45":{"start":{"line":109,"column":17},"end":{"line":109,"column":75}},"46":{"start":{"line":109,"column":46},"end":{"line":109,"column":73}},"47":{"start":{"line":110,"column":18},"end":{"line":110,"column":35}},"48":{"start":{"line":111,"column":19},"end":{"line":111,"column":36}},"49":{"start":{"line":112,"column":33},"end":{"line":112,"column":35}},"50":{"start":{"line":114,"column":16},"end":{"line":130,"column":3}},"51":{"start":{"line":115,"column":4},"end":{"line":115,"column":39}},"52":{"start":{"line":115,"column":32},"end":{"line":115,"column":39}},"53":{"start":{"line":116,"column":4},"end":{"line":116,"column":40}},"54":{"start":{"line":116,"column":33},"end":{"line":116,"column":40}},"55":{"start":{"line":118,"column":4},"end":{"line":118,"column":28}},"56":{"start":{"line":119,"column":18},"end":{"line":119,"column":40}},"57":{"start":{"line":120,"column":25},"end":{"line":122,"column":null}},"58":{"start":{"line":124,"column":4},"end":{"line":126,"column":5}},"59":{"start":{"line":125,"column":6},"end":{"line":125,"column":24}},"60":{"start":{"line":127,"column":4},"end":{"line":127,"column":24}},"61":{"start":{"line":128,"column":4},"end":{"line":128,"column":31}},"62":{"start":{"line":129,"column":4},"end":{"line":129,"column":27}},"63":{"start":{"line":132,"column":2},"end":{"line":134,"column":3}},"64":{"start":{"line":133,"column":4},"end":{"line":133,"column":32}},"65":{"start":{"line":136,"column":2},"end":{"line":136,"column":17}},"66":{"start":{"line":151,"column":17},"end":{"line":151,"column":38}},"67":{"start":{"line":152,"column":31},"end":{"line":152,"column":53}},"68":{"start":{"line":153,"column":24},"end":{"line":153,"column":91}},"69":{"start":{"line":155,"column":20},"end":{"line":155,"column":42}},"70":{"start":{"line":156,"column":2},"end":{"line":156,"column":23}},"71":{"start":{"line":158,"column":2},"end":{"line":161,"column":3}},"72":{"start":{"line":159,"column":4},"end":{"line":159,"column":74}},"73":{"start":{"line":160,"column":4},"end":{"line":160,"column":11}},"74":{"start":{"line":163,"column":2},"end":{"line":163,"column":60}},"75":{"start":{"line":164,"column":2},"end":{"line":168,"column":4}},"76":{"start":{"line":171,"column":4},"end":{"line":173,"column":39}},"77":{"start":{"line":172,"column":48},"end":{"line":172,"column":65}},"78":{"start":{"line":175,"column":2},"end":{"line":178,"column":3}},"79":{"start":{"line":176,"column":4},"end":{"line":176,"column":64}},"80":{"start":{"line":177,"column":4},"end":{"line":177,"column":11}},"81":{"start":{"line":180,"column":38},"end":{"line":180,"column":40}},"82":{"start":{"line":181,"column":33},"end":{"line":181,"column":73}},"83":{"start":{"line":182,"column":24},"end":{"line":185,"column":17}},"84":{"start":{"line":186,"column":26},"end":{"line":186,"column":27}},"85":{"start":{"line":187,"column":24},"end":{"line":190,"column":3}},"86":{"start":{"line":188,"column":4},"end":{"line":188,"column":27}},"87":{"start":{"line":189,"column":4},"end":{"line":189,"column":75}},"88":{"start":{"line":192,"column":2},"end":{"line":237,"column":3}},"89":{"start":{"line":193,"column":22},"end":{"line":193,"column":48}},"90":{"start":{"line":194,"column":4},"end":{"line":197,"column":5}},"91":{"start":{"line":195,"column":6},"end":{"line":195,"column":73}},"92":{"start":{"line":196,"column":6},"end":{"line":196,"column":15}},"93":{"start":{"line":199,"column":4},"end":{"line":236,"column":5}},"94":{"start":{"line":200,"column":6},"end":{"line":203,"column":7}},"95":{"start":{"line":201,"column":8},"end":{"line":201,"column":92}},"96":{"start":{"line":202,"column":8},"end":{"line":202,"column":17}},"97":{"start":{"line":205,"column":27},"end":{"line":205,"column":50}},"98":{"start":{"line":206,"column":6},"end":{"line":206,"column":58}},"99":{"start":{"line":207,"column":26},"end":{"line":207,"column":50}},"100":{"start":{"line":209,"column":29},"end":{"line":209,"column":55}},"101":{"start":{"line":210,"column":25},"end":{"line":210,"column":null}},"102":{"start":{"line":218,"column":6},"end":{"line":221,"column":7}},"103":{"start":{"line":219,"column":8},"end":{"line":219,"column":96}},"104":{"start":{"line":220,"column":8},"end":{"line":220,"column":17}},"105":{"start":{"line":223,"column":6},"end":{"line":232,"column":9}},"106":{"start":{"line":234,"column":6},"end":{"line":234,"column":64}},"107":{"start":{"line":235,"column":6},"end":{"line":235,"column":62}},"108":{"start":{"line":240,"column":4},"end":{"line":242,"column":20}},"109":{"start":{"line":244,"column":2},"end":{"line":408,"column":3}},"110":{"start":{"line":245,"column":4},"end":{"line":407,"column":5}},"111":{"start":{"line":246,"column":37},"end":{"line":246,"column":88}},"112":{"start":{"line":247,"column":29},"end":{"line":247,"column":75}},"113":{"start":{"line":248,"column":28},"end":{"line":248,"column":70}},"114":{"start":{"line":249,"column":6},"end":{"line":251,"column":7}},"115":{"start":{"line":250,"column":8},"end":{"line":250,"column":57}},"116":{"start":{"line":252,"column":20},"end":{"line":254,"column":83}},"117":{"start":{"line":254,"column":30},"end":{"line":254,"column":82}},"118":{"start":{"line":255,"column":26},"end":{"line":256,"column":null}},"119":{"start":{"line":256,"column":8},"end":{"line":256,"column":61}},"120":{"start":{"line":258,"column":26},"end":{"line":259,"column":null}},"121":{"start":{"line":259,"column":8},"end":{"line":259,"column":61}},"122":{"start":{"line":261,"column":34},"end":{"line":261,"column":86}},"123":{"start":{"line":262,"column":6},"end":{"line":262,"column":74}},"124":{"start":{"line":263,"column":6},"end":{"line":263,"column":72}},"125":{"start":{"line":267,"column":9},"end":{"line":268,"column":22}},"126":{"start":{"line":269,"column":31},"end":{"line":269,"column":71}},"127":{"start":{"line":270,"column":77},"end":{"line":276,"column":null}},"128":{"start":{"line":279,"column":6},"end":{"line":282,"column":7}},"129":{"start":{"line":280,"column":8},"end":{"line":280,"column":83}},"130":{"start":{"line":281,"column":8},"end":{"line":281,"column":17}},"131":{"start":{"line":285,"column":28},"end":{"line":285,"column":43}},"132":{"start":{"line":287,"column":32},"end":{"line":287,"column":60}},"133":{"start":{"line":288,"column":32},"end":{"line":288,"column":76}},"134":{"start":{"line":289,"column":21},"end":{"line":289,"column":60}},"135":{"start":{"line":290,"column":28},"end":{"line":290,"column":89}},"136":{"start":{"line":291,"column":28},"end":{"line":291,"column":67}},"137":{"start":{"line":294,"column":39},"end":{"line":295,"column":80}},"138":{"start":{"line":295,"column":8},"end":{"line":295,"column":80}},"139":{"start":{"line":297,"column":22},"end":{"line":297,"column":55}},"140":{"start":{"line":298,"column":30},"end":{"line":298,"column":81}},"141":{"start":{"line":298,"column":53},"end":{"line":298,"column":80}},"142":{"start":{"line":299,"column":30},"end":{"line":299,"column":71}},"143":{"start":{"line":300,"column":38},"end":{"line":301,"column":null}},"144":{"start":{"line":301,"column":8},"end":{"line":301,"column":35}},"145":{"start":{"line":304,"column":25},"end":{"line":304,"column":50}},"146":{"start":{"line":305,"column":37},"end":{"line":305,"column":39}},"147":{"start":{"line":306,"column":6},"end":{"line":308,"column":7}},"148":{"start":{"line":307,"column":8},"end":{"line":307,"column":61}},"149":{"start":{"line":309,"column":6},"end":{"line":311,"column":7}},"150":{"start":{"line":310,"column":8},"end":{"line":310,"column":90}},"151":{"start":{"line":310,"column":58},"end":{"line":310,"column":87}},"152":{"start":{"line":313,"column":39},"end":{"line":313,"column":41}},"153":{"start":{"line":314,"column":6},"end":{"line":318,"column":7}},"154":{"start":{"line":315,"column":8},"end":{"line":317,"column":10}},"155":{"start":{"line":316,"column":50},"end":{"line":316,"column":79}},"156":{"start":{"line":319,"column":6},"end":{"line":321,"column":7}},"157":{"start":{"line":320,"column":8},"end":{"line":320,"column":71}},"158":{"start":{"line":323,"column":21},"end":{"line":328,"column":5}},"159":{"start":{"line":330,"column":31},"end":{"line":345,"column":3}},"160":{"start":{"line":347,"column":6},"end":{"line":370,"column":7}},"161":{"start":{"line":348,"column":8},"end":{"line":369,"column":9}},"162":{"start":{"line":349,"column":10},"end":{"line":353,"column":12}},"163":{"start":{"line":355,"column":32},"end":{"line":355,"column":79}},"164":{"start":{"line":357,"column":10},"end":{"line":359,"column":19}},"165":{"start":{"line":358,"column":12},"end":{"line":358,"column":86}},"166":{"start":{"line":361,"column":8},"end":{"line":368,"column":9}},"167":{"start":{"line":362,"column":10},"end":{"line":362,"column":78}},"168":{"start":{"line":364,"column":10},"end":{"line":364,"column":68}},"169":{"start":{"line":366,"column":24},"end":{"line":366,"column":65}},"170":{"start":{"line":367,"column":10},"end":{"line":367,"column":86}},"171":{"start":{"line":372,"column":6},"end":{"line":403,"column":7}},"172":{"start":{"line":373,"column":8},"end":{"line":402,"column":9}},"173":{"start":{"line":374,"column":24},"end":{"line":375,"column":null}},"174":{"start":{"line":377,"column":29},"end":{"line":377,"column":50}},"175":{"start":{"line":378,"column":31},"end":{"line":378,"column":63}},"176":{"start":{"line":379,"column":39},"end":{"line":381,"column":32}},"177":{"start":{"line":382,"column":30},"end":{"line":387,"column":5}},"178":{"start":{"line":388,"column":31},"end":{"line":395,"column":3}},"179":{"start":{"line":396,"column":10},"end":{"line":401,"column":13}},"180":{"start":{"line":405,"column":6},"end":{"line":405,"column":64}},"181":{"start":{"line":406,"column":6},"end":{"line":406,"column":62}},"182":{"start":{"line":410,"column":2},"end":{"line":435,"column":3}},"183":{"start":{"line":411,"column":21},"end":{"line":413,"column":60}},"184":{"start":{"line":413,"column":21},"end":{"line":413,"column":59}},"185":{"start":{"line":414,"column":31},"end":{"line":416,"column":79}},"186":{"start":{"line":415,"column":21},"end":{"line":415,"column":63}},"187":{"start":{"line":416,"column":21},"end":{"line":416,"column":78}},"188":{"start":{"line":417,"column":4},"end":{"line":420,"column":5}},"189":{"start":{"line":418,"column":32},"end":{"line":418,"column":92}},"190":{"start":{"line":418,"column":55},"end":{"line":418,"column":91}},"191":{"start":{"line":419,"column":6},"end":{"line":419,"column":52}},"192":{"start":{"line":421,"column":29},"end":{"line":421,"column":61}},"193":{"start":{"line":422,"column":27},"end":{"line":423,"column":null}},"194":{"start":{"line":423,"column":6},"end":{"line":423,"column":97}},"195":{"start":{"line":425,"column":4},"end":{"line":428,"column":5}},"196":{"start":{"line":426,"column":6},"end":{"line":426,"column":81}},"197":{"start":{"line":427,"column":6},"end":{"line":427,"column":15}},"198":{"start":{"line":430,"column":27},"end":{"line":430,"column":42}},"199":{"start":{"line":431,"column":22},"end":{"line":431,"column":84}},"200":{"start":{"line":432,"column":22},"end":{"line":432,"column":70}},"201":{"start":{"line":433,"column":4},"end":{"line":433,"column":62}},"202":{"start":{"line":434,"column":4},"end":{"line":434,"column":71}},"203":{"start":{"line":437,"column":2},"end":{"line":442,"column":3}},"204":{"start":{"line":438,"column":4},"end":{"line":438,"column":32}},"205":{"start":{"line":439,"column":4},"end":{"line":439,"column":71}},"206":{"start":{"line":441,"column":4},"end":{"line":441,"column":81}},"207":{"start":{"line":444,"column":2},"end":{"line":448,"column":4}},"208":{"start":{"line":450,"column":2},"end":{"line":452,"column":3}},"209":{"start":{"line":451,"column":4},"end":{"line":451,"column":20}}},"fnMap":{"0":{"name":"hasSoftDeletesSchema","decl":{"start":{"line":41,"column":9},"end":{"line":41,"column":29}},"loc":{"start":{"line":41,"column":65},"end":{"line":52,"column":1}}},"1":{"name":"normalizedSchemaForMigration","decl":{"start":{"line":54,"column":9},"end":{"line":54,"column":37}},"loc":{"start":{"line":57,"column":1},"end":{"line":63,"column":1}}},"2":{"name":"stableMigrationBody","decl":{"start":{"line":65,"column":9},"end":{"line":65,"column":28}},"loc":{"start":{"line":65,"column":44},"end":{"line":69,"column":1}}},"3":{"name":"hasSameGeneratedBody","decl":{"start":{"line":71,"column":9},"end":{"line":71,"column":29}},"loc":{"start":{"line":71,"column":67},"end":{"line":77,"column":1}}},"4":{"name":"pascalCase","decl":{"start":{"line":86,"column":9},"end":{"line":86,"column":19}},"loc":{"start":{"line":86,"column":32},"end":{"line":88,"column":1}}},"5":{"name":"getBelongsToDependencies","decl":{"start":{"line":90,"column":9},"end":{"line":90,"column":33}},"loc":{"start":{"line":92,"column":26},"end":{"line":105,"column":1}}},"6":{"name":"sortModelsByDependencies","decl":{"start":{"line":107,"column":9},"end":{"line":107,"column":33}},"loc":{"start":{"line":107,"column":55},"end":{"line":137,"column":1}}},"7":{"name":"(anonymous_8)","decl":{"start":{"line":108,"column":40},"end":{"line":108,"column":41}},"loc":{"start":{"line":108,"column":50},"end":{"line":108,"column":69}}},"8":{"name":"(anonymous_9)","decl":{"start":{"line":109,"column":36},"end":{"line":109,"column":37}},"loc":{"start":{"line":109,"column":46},"end":{"line":109,"column":73}}},"9":{"name":"(anonymous_10)","decl":{"start":{"line":114,"column":16},"end":{"line":114,"column":17}},"loc":{"start":{"line":114,"column":44},"end":{"line":130,"column":3}}},"10":{"name":"makeMigration","decl":{"start":{"line":147,"column":22},"end":{"line":147,"column":35}},"loc":{"start":{"line":149,"column":32},"end":{"line":453,"column":1}}},"11":{"name":"(anonymous_12)","decl":{"start":{"line":172,"column":41},"end":{"line":172,"column":42}},"loc":{"start":{"line":172,"column":48},"end":{"line":172,"column":65}}},"12":{"name":"(anonymous_13)","decl":{"start":{"line":187,"column":24},"end":{"line":187,"column":35}},"loc":{"start":{"line":187,"column":37},"end":{"line":190,"column":3}}},"13":{"name":"(anonymous_14)","decl":{"start":{"line":254,"column":16},"end":{"line":254,"column":17}},"loc":{"start":{"line":254,"column":30},"end":{"line":254,"column":82}}},"14":{"name":"(anonymous_15)","decl":{"start":{"line":255,"column":39},"end":{"line":255,"column":40}},"loc":{"start":{"line":256,"column":8},"end":{"line":256,"column":61}}},"15":{"name":"(anonymous_16)","decl":{"start":{"line":258,"column":39},"end":{"line":258,"column":40}},"loc":{"start":{"line":259,"column":8},"end":{"line":259,"column":61}}},"16":{"name":"(anonymous_17)","decl":{"start":{"line":294,"column":39},"end":{"line":294,"column":40}},"loc":{"start":{"line":295,"column":8},"end":{"line":295,"column":80}}},"17":{"name":"(anonymous_18)","decl":{"start":{"line":298,"column":46},"end":{"line":298,"column":47}},"loc":{"start":{"line":298,"column":53},"end":{"line":298,"column":80}}},"18":{"name":"(anonymous_19)","decl":{"start":{"line":300,"column":62},"end":{"line":300,"column":63}},"loc":{"start":{"line":301,"column":8},"end":{"line":301,"column":35}}},"19":{"name":"(anonymous_20)","decl":{"start":{"line":310,"column":49},"end":{"line":310,"column":50}},"loc":{"start":{"line":310,"column":58},"end":{"line":310,"column":87}}},"20":{"name":"(anonymous_21)","decl":{"start":{"line":316,"column":41},"end":{"line":316,"column":42}},"loc":{"start":{"line":316,"column":50},"end":{"line":316,"column":79}}},"21":{"name":"(anonymous_22)","decl":{"start":{"line":357,"column":31},"end":{"line":357,"column":32}},"loc":{"start":{"line":358,"column":12},"end":{"line":358,"column":86}}},"22":{"name":"(anonymous_23)","decl":{"start":{"line":413,"column":14},"end":{"line":413,"column":15}},"loc":{"start":{"line":413,"column":21},"end":{"line":413,"column":59}}},"23":{"name":"(anonymous_24)","decl":{"start":{"line":415,"column":14},"end":{"line":415,"column":15}},"loc":{"start":{"line":415,"column":21},"end":{"line":415,"column":63}}},"24":{"name":"(anonymous_25)","decl":{"start":{"line":416,"column":14},"end":{"line":416,"column":15}},"loc":{"start":{"line":416,"column":21},"end":{"line":416,"column":78}}},"25":{"name":"(anonymous_26)","decl":{"start":{"line":418,"column":48},"end":{"line":418,"column":49}},"loc":{"start":{"line":418,"column":55},"end":{"line":418,"column":91}}},"26":{"name":"(anonymous_27)","decl":{"start":{"line":422,"column":49},"end":{"line":422,"column":50}},"loc":{"start":{"line":423,"column":6},"end":{"line":423,"column":97}}}},"branchMap":{"0":{"loc":{"start":{"line":43,"column":4},"end":{"line":45,"column":5}},"type":"if","locations":[{"start":{"line":43,"column":4},"end":{"line":45,"column":5}},{"start":{},"end":{}}]},"1":{"loc":{"start":{"line":43,"column":8},"end":{"line":43,"column":62}},"type":"binary-expr","locations":[{"start":{"line":43,"column":8},"end":{"line":43,"column":30}},{"start":{"line":43,"column":34},"end":{"line":43,"column":62}}]},"2":{"loc":{"start":{"line":46,"column":4},"end":{"line":49,"column":5}},"type":"if","locations":[{"start":{"line":46,"column":4},"end":{"line":49,"column":5}},{"start":{},"end":{}}]},"3":{"loc":{"start":{"line":47,"column":6},"end":{"line":47,"column":52}},"type":"if","locations":[{"start":{"line":47,"column":6},"end":{"line":47,"column":52}},{"start":{},"end":{}}]},"4":{"loc":{"start":{"line":48,"column":6},"end":{"line":48,"column":45}},"type":"if","locations":[{"start":{"line":48,"column":6},"end":{"line":48,"column":45}},{"start":{},"end":{}}]},"5":{"loc":{"start":{"line":59,"column":2},"end":{"line":61,"column":3}},"type":"if","locations":[{"start":{"line":59,"column":2},"end":{"line":61,"column":3}},{"start":{},"end":{}}]},"6":{"loc":{"start":{"line":59,"column":6},"end":{"line":59,"column":61}},"type":"binary-expr","locations":[{"start":{"line":59,"column":6},"end":{"line":59,"column":28}},{"start":{"line":59,"column":32},"end":{"line":59,"column":61}}]},"7":{"loc":{"start":{"line":68,"column":9},"end":{"line":68,"column":78}},"type":"cond-expr","locations":[{"start":{"line":68,"column":28},"end":{"line":68,"column":61}},{"start":{"line":68,"column":64},"end":{"line":68,"column":78}}]},"8":{"loc":{"start":{"line":72,"column":2},"end":{"line":74,"column":3}},"type":"if","locations":[{"start":{"line":72,"column":2},"end":{"line":74,"column":3}},{"start":{},"end":{}}]},"9":{"loc":{"start":{"line":96,"column":4},"end":{"line":96,"column":54}},"type":"if","locations":[{"start":{"line":96,"column":4},"end":{"line":96,"column":54}},{"start":{},"end":{}}]},"10":{"loc":{"start":{"line":96,"column":8},"end":{"line":96,"column":43}},"type":"binary-expr","locations":[{"start":{"line":96,"column":8},"end":{"line":96,"column":14}},{"start":{"line":96,"column":18},"end":{"line":96,"column":43}}]},"11":{"loc":{"start":{"line":99,"column":4},"end":{"line":99,"column":84}},"type":"if","locations":[{"start":{"line":99,"column":4},"end":{"line":99,"column":84}},{"start":{},"end":{}}]},"12":{"loc":{"start":{"line":99,"column":8},"end":{"line":99,"column":73}},"type":"binary-expr","locations":[{"start":{"line":99,"column":8},"end":{"line":99,"column":36}},{"start":{"line":99,"column":40},"end":{"line":99,"column":73}}]},"13":{"loc":{"start":{"line":100,"column":4},"end":{"line":100,"column":70}},"type":"if","locations":[{"start":{"line":100,"column":4},"end":{"line":100,"column":70}},{"start":{},"end":{}}]},"14":{"loc":{"start":{"line":100,"column":8},"end":{"line":100,"column":59}},"type":"binary-expr","locations":[{"start":{"line":100,"column":8},"end":{"line":100,"column":23}},{"start":{"line":100,"column":27},"end":{"line":100,"column":59}}]},"15":{"loc":{"start":{"line":115,"column":4},"end":{"line":115,"column":39}},"type":"if","locations":[{"start":{"line":115,"column":4},"end":{"line":115,"column":39}},{"start":{},"end":{}}]},"16":{"loc":{"start":{"line":116,"column":4},"end":{"line":116,"column":40}},"type":"if","locations":[{"start":{"line":116,"column":4},"end":{"line":116,"column":40}},{"start":{},"end":{}}]},"17":{"loc":{"start":{"line":149,"column":2},"end":{"line":149,"column":32}},"type":"default-arg","locations":[{"start":{"line":149,"column":30},"end":{"line":149,"column":32}}]},"18":{"loc":{"start":{"line":153,"column":24},"end":{"line":153,"column":91}},"type":"binary-expr","locations":[{"start":{"line":153,"column":24},"end":{"line":153,"column":54}},{"start":{"line":153,"column":58},"end":{"line":153,"column":91}}]},"19":{"loc":{"start":{"line":158,"column":2},"end":{"line":161,"column":3}},"type":"if","locations":[{"start":{"line":158,"column":2},"end":{"line":161,"column":3}},{"start":{},"end":{}}]},"20":{"loc":{"start":{"line":166,"column":31},"end":{"line":166,"column":90}},"type":"cond-expr","locations":[{"start":{"line":166,"column":40},"end":{"line":166,"column":64}},{"start":{"line":166,"column":67},"end":{"line":166,"column":90}}]},"21":{"loc":{"start":{"line":171,"column":4},"end":{"line":173,"column":39}},"type":"cond-expr","locations":[{"start":{"line":172,"column":8},"end":{"line":172,"column":66}},{"start":{"line":173,"column":8},"end":{"line":173,"column":39}}]},"22":{"loc":{"start":{"line":175,"column":2},"end":{"line":178,"column":3}},"type":"if","locations":[{"start":{"line":175,"column":2},"end":{"line":178,"column":3}},{"start":{},"end":{}}]},"23":{"loc":{"start":{"line":194,"column":4},"end":{"line":197,"column":5}},"type":"if","locations":[{"start":{"line":194,"column":4},"end":{"line":197,"column":5}},{"start":{},"end":{}}]},"24":{"loc":{"start":{"line":200,"column":6},"end":{"line":203,"column":7}},"type":"if","locations":[{"start":{"line":200,"column":6},"end":{"line":203,"column":7}},{"start":{},"end":{}}]},"25":{"loc":{"start":{"line":218,"column":6},"end":{"line":221,"column":7}},"type":"if","locations":[{"start":{"line":218,"column":6},"end":{"line":221,"column":7}},{"start":{},"end":{}}]},"26":{"loc":{"start":{"line":218,"column":10},"end":{"line":218,"column":55}},"type":"binary-expr","locations":[{"start":{"line":218,"column":10},"end":{"line":218,"column":29}},{"start":{"line":218,"column":33},"end":{"line":218,"column":55}}]},"27":{"loc":{"start":{"line":235,"column":20},"end":{"line":235,"column":60}},"type":"cond-expr","locations":[{"start":{"line":235,"column":43},"end":{"line":235,"column":54}},{"start":{"line":235,"column":57},"end":{"line":235,"column":60}}]},"28":{"loc":{"start":{"line":240,"column":4},"end":{"line":242,"column":20}},"type":"cond-expr","locations":[{"start":{"line":241,"column":8},"end":{"line":241,"column":46}},{"start":{"line":242,"column":8},"end":{"line":242,"column":20}}]},"29":{"loc":{"start":{"line":247,"column":29},"end":{"line":247,"column":75}},"type":"binary-expr","locations":[{"start":{"line":247,"column":29},"end":{"line":247,"column":49}},{"start":{"line":247,"column":53},"end":{"line":247,"column":75}}]},"30":{"loc":{"start":{"line":249,"column":6},"end":{"line":251,"column":7}},"type":"if","locations":[{"start":{"line":249,"column":6},"end":{"line":251,"column":7}},{"start":{},"end":{}}]},"31":{"loc":{"start":{"line":254,"column":30},"end":{"line":254,"column":82}},"type":"binary-expr","locations":[{"start":{"line":254,"column":30},"end":{"line":254,"column":54}},{"start":{"line":254,"column":58},"end":{"line":254,"column":82}}]},"32":{"loc":{"start":{"line":261,"column":34},"end":{"line":261,"column":86}},"type":"binary-expr","locations":[{"start":{"line":261,"column":34},"end":{"line":261,"column":58}},{"start":{"line":261,"column":62},"end":{"line":261,"column":86}}]},"33":{"loc":{"start":{"line":267,"column":9},"end":{"line":268,"column":22}},"type":"binary-expr","locations":[{"start":{"line":267,"column":9},"end":{"line":267,"column":93}},{"start":{"line":268,"column":8},"end":{"line":268,"column":22}}]},"34":{"loc":{"start":{"line":279,"column":6},"end":{"line":282,"column":7}},"type":"if","locations":[{"start":{"line":279,"column":6},"end":{"line":282,"column":7}},{"start":{},"end":{}}]},"35":{"loc":{"start":{"line":279,"column":10},"end":{"line":279,"column":73}},"type":"binary-expr","locations":[{"start":{"line":279,"column":11},"end":{"line":279,"column":19}},{"start":{"line":279,"column":23},"end":{"line":279,"column":44}},{"start":{"line":279,"column":49},"end":{"line":279,"column":73}}]},"36":{"loc":{"start":{"line":289,"column":21},"end":{"line":289,"column":60}},"type":"cond-expr","locations":[{"start":{"line":289,"column":41},"end":{"line":289,"column":49}},{"start":{"line":289,"column":52},"end":{"line":289,"column":60}}]},"37":{"loc":{"start":{"line":306,"column":6},"end":{"line":308,"column":7}},"type":"if","locations":[{"start":{"line":306,"column":6},"end":{"line":308,"column":7}},{"start":{},"end":{}}]},"38":{"loc":{"start":{"line":309,"column":6},"end":{"line":311,"column":7}},"type":"if","locations":[{"start":{"line":309,"column":6},"end":{"line":311,"column":7}},{"start":{},"end":{}}]},"39":{"loc":{"start":{"line":314,"column":6},"end":{"line":318,"column":7}},"type":"if","locations":[{"start":{"line":314,"column":6},"end":{"line":318,"column":7}},{"start":{},"end":{}}]},"40":{"loc":{"start":{"line":319,"column":6},"end":{"line":321,"column":7}},"type":"if","locations":[{"start":{"line":319,"column":6},"end":{"line":321,"column":7}},{"start":{},"end":{}}]},"41":{"loc":{"start":{"line":326,"column":11},"end":{"line":326,"column":42}},"type":"cond-expr","locations":[{"start":{"line":326,"column":20},"end":{"line":326,"column":26}},{"start":{"line":326,"column":29},"end":{"line":326,"column":42}}]},"42":{"loc":{"start":{"line":333,"column":4},"end":{"line":335,"column":null}},"type":"cond-expr","locations":[{"start":{"line":334,"column":8},"end":{"line":334,"column":33}},{"start":{"line":335,"column":8},"end":{"line":335,"column":null}}]},"43":{"loc":{"start":{"line":341,"column":4},"end":{"line":343,"column":null}},"type":"cond-expr","locations":[{"start":{"line":342,"column":8},"end":{"line":342,"column":35}},{"start":{"line":343,"column":8},"end":{"line":343,"column":null}}]},"44":{"loc":{"start":{"line":347,"column":6},"end":{"line":370,"column":7}},"type":"if","locations":[{"start":{"line":347,"column":6},"end":{"line":370,"column":7}},{"start":{},"end":{}}]},"45":{"loc":{"start":{"line":347,"column":10},"end":{"line":347,"column":38}},"type":"binary-expr","locations":[{"start":{"line":347,"column":10},"end":{"line":347,"column":20}},{"start":{"line":347,"column":24},"end":{"line":347,"column":38}}]},"46":{"loc":{"start":{"line":348,"column":8},"end":{"line":369,"column":9}},"type":"if","locations":[{"start":{"line":348,"column":8},"end":{"line":369,"column":9}},{"start":{"line":354,"column":15},"end":{"line":369,"column":9}}]},"47":{"loc":{"start":{"line":348,"column":12},"end":{"line":348,"column":57}},"type":"binary-expr","locations":[{"start":{"line":348,"column":12},"end":{"line":348,"column":31}},{"start":{"line":348,"column":35},"end":{"line":348,"column":57}}]},"48":{"loc":{"start":{"line":355,"column":32},"end":{"line":355,"column":79}},"type":"cond-expr","locations":[{"start":{"line":355,"column":54},"end":{"line":355,"column":65}},{"start":{"line":355,"column":68},"end":{"line":355,"column":79}}]},"49":{"loc":{"start":{"line":357,"column":10},"end":{"line":359,"column":19}},"type":"binary-expr","locations":[{"start":{"line":357,"column":10},"end":{"line":358,"column":null}},{"start":{"line":359,"column":15},"end":{"line":359,"column":19}}]},"50":{"loc":{"start":{"line":361,"column":8},"end":{"line":368,"column":9}},"type":"if","locations":[{"start":{"line":361,"column":8},"end":{"line":368,"column":9}},{"start":{"line":363,"column":15},"end":{"line":368,"column":9}}]},"51":{"loc":{"start":{"line":366,"column":24},"end":{"line":366,"column":65}},"type":"cond-expr","locations":[{"start":{"line":366,"column":46},"end":{"line":366,"column":54}},{"start":{"line":366,"column":57},"end":{"line":366,"column":65}}]},"52":{"loc":{"start":{"line":372,"column":6},"end":{"line":403,"column":7}},"type":"if","locations":[{"start":{"line":372,"column":6},"end":{"line":403,"column":7}},{"start":{},"end":{}}]},"53":{"loc":{"start":{"line":372,"column":10},"end":{"line":372,"column":49}},"type":"binary-expr","locations":[{"start":{"line":372,"column":10},"end":{"line":372,"column":23}},{"start":{"line":372,"column":27},"end":{"line":372,"column":49}}]},"54":{"loc":{"start":{"line":377,"column":29},"end":{"line":377,"column":50}},"type":"binary-expr","locations":[{"start":{"line":377,"column":29},"end":{"line":377,"column":39}},{"start":{"line":377,"column":43},"end":{"line":377,"column":50}}]},"55":{"loc":{"start":{"line":380,"column":12},"end":{"line":380,"column":84}},"type":"binary-expr","locations":[{"start":{"line":380,"column":12},"end":{"line":380,"column":43}},{"start":{"line":380,"column":47},"end":{"line":380,"column":84}}]},"56":{"loc":{"start":{"line":385,"column":11},"end":{"line":385,"column":42}},"type":"cond-expr","locations":[{"start":{"line":385,"column":20},"end":{"line":385,"column":26}},{"start":{"line":385,"column":29},"end":{"line":385,"column":42}}]},"57":{"loc":{"start":{"line":406,"column":20},"end":{"line":406,"column":60}},"type":"cond-expr","locations":[{"start":{"line":406,"column":43},"end":{"line":406,"column":54}},{"start":{"line":406,"column":57},"end":{"line":406,"column":60}}]},"58":{"loc":{"start":{"line":413,"column":21},"end":{"line":413,"column":59}},"type":"binary-expr","locations":[{"start":{"line":413,"column":21},"end":{"line":413,"column":38}},{"start":{"line":413,"column":42},"end":{"line":413,"column":59}}]},"59":{"loc":{"start":{"line":417,"column":4},"end":{"line":420,"column":5}},"type":"if","locations":[{"start":{"line":417,"column":4},"end":{"line":420,"column":5}},{"start":{},"end":{}}]},"60":{"loc":{"start":{"line":425,"column":4},"end":{"line":428,"column":5}},"type":"if","locations":[{"start":{"line":425,"column":4},"end":{"line":428,"column":5}},{"start":{},"end":{}}]},"61":{"loc":{"start":{"line":446,"column":46},"end":{"line":446,"column":77}},"type":"cond-expr","locations":[{"start":{"line":446,"column":55},"end":{"line":446,"column":61}},{"start":{"line":446,"column":64},"end":{"line":446,"column":77}}]},"62":{"loc":{"start":{"line":450,"column":2},"end":{"line":452,"column":3}},"type":"if","locations":[{"start":{"line":450,"column":2},"end":{"line":452,"column":3}},{"start":{},"end":{}}]}},"s":{"0":11,"1":11,"2":11,"3":11,"4":11,"5":11,"6":11,"7":11,"8":11,"9":11,"10":11,"11":4,"12":7,"13":2,"14":5,"15":4,"16":0,"17":4,"18":0,"19":2,"20":18,"21":18,"22":2,"23":18,"24":6,"25":6,"26":6,"27":3,"28":0,"29":3,"30":3,"31":16,"32":5,"33":5,"34":8,"35":0,"36":8,"37":8,"38":5,"39":3,"40":0,"41":3,"42":5,"43":3,"44":5,"45":3,"46":5,"47":3,"48":3,"49":3,"50":3,"51":8,"52":2,"53":6,"54":1,"55":5,"56":5,"57":5,"58":5,"59":3,"60":5,"61":5,"62":5,"63":3,"64":5,"65":3,"66":21,"67":21,"68":21,"69":21,"70":21,"71":21,"72":1,"73":1,"74":20,"75":20,"76":20,"77":6,"78":20,"79":1,"80":1,"81":19,"82":19,"83":19,"84":19,"85":19,"86":17,"87":17,"88":19,"89":22,"90":22,"91":1,"92":1,"93":21,"94":21,"95":1,"96":1,"97":20,"98":20,"99":20,"100":19,"101":19,"102":19,"103":1,"104":1,"105":18,"106":1,"107":1,"108":19,"109":19,"110":18,"111":18,"112":18,"113":18,"114":18,"115":8,"116":18,"117":18,"118":18,"119":18,"120":18,"121":18,"122":18,"123":18,"124":18,"125":18,"126":18,"127":18,"128":17,"129":1,"130":1,"131":16,"132":16,"133":16,"134":16,"135":16,"136":16,"137":16,"138":38,"139":16,"140":16,"141":3,"142":16,"143":16,"144":3,"145":16,"146":16,"147":16,"148":16,"149":16,"150":9,"151":1,"152":16,"153":16,"154":9,"155":1,"156":16,"157":16,"158":16,"159":16,"160":16,"161":16,"162":3,"163":13,"164":13,"165":2,"166":13,"167":1,"168":12,"169":12,"170":12,"171":16,"172":2,"173":2,"174":2,"175":2,"176":2,"177":2,"178":2,"179":2,"180":1,"181":1,"182":19,"183":2,"184":3,"185":2,"186":3,"187":3,"188":2,"189":2,"190":3,"191":2,"192":2,"193":2,"194":1,"195":2,"196":1,"197":1,"198":1,"199":1,"200":1,"201":1,"202":1,"203":19,"204":19,"205":17,"206":2,"207":19,"208":19,"209":1},"f":{"0":4,"1":18,"2":6,"3":3,"4":16,"5":5,"6":3,"7":5,"8":5,"9":8,"10":21,"11":6,"12":17,"13":18,"14":18,"15":18,"16":38,"17":3,"18":3,"19":1,"20":1,"21":2,"22":3,"23":3,"24":3,"25":3,"26":1},"b":{"0":[2,5],"1":[7,2],"2":[4,1],"3":[0,4],"4":[0,4],"5":[2,16],"6":[18,4],"7":[6,0],"8":[0,3],"9":[0,8],"10":[8,8],"11":[5,3],"12":[8,3],"13":[0,3],"14":[3,3],"15":[2,6],"16":[1,5],"17":[0],"18":[21,19],"19":[1,20],"20":[20,0],"21":[4,16],"22":[1,19],"23":[1,21],"24":[1,20],"25":[1,18],"26":[19,18],"27":[1,0],"28":[3,16],"29":[18,18],"30":[8,10],"31":[18,0],"32":[18,10],"33":[18,0],"34":[1,16],"35":[17,17,1],"36":[10,6],"37":[16,0],"38":[9,7],"39":[9,7],"40":[16,0],"41":[16,0],"42":[16,0],"43":[16,0],"44":[16,0],"45":[16,0],"46":[3,13],"47":[16,10],"48":[7,6],"49":[13,12],"50":[1,12],"51":[7,5],"52":[2,14],"53":[16,7],"54":[2,0],"55":[2,0],"56":[2,0],"57":[1,0],"58":[3,0],"59":[2,0],"60":[1,1],"61":[19,0],"62":[1,18]}}
,"L:\\npm dev Packages\\src\\cli\\commands\\makeModel.ts": {"path":"L:\\npm dev Packages\\src\\cli\\commands\\makeModel.ts","statementMap":{"0":{"start":{"line":167,"column":0},"end":{"line":167,"column":7}},"1":{"start":{"line":2,"column":0},"end":{"line":2,"column":20}},"2":{"start":{"line":3,"column":0},"end":{"line":3,"column":24}},"3":{"start":{"line":4,"column":0},"end":{"line":4,"column":26}},"4":{"start":{"line":5,"column":0},"end":{"line":5,"column":64}},"5":{"start":{"line":6,"column":0},"end":{"line":6,"column":43}},"6":{"start":{"line":7,"column":0},"end":{"line":7,"column":57}},"7":{"start":{"line":8,"column":0},"end":{"line":8,"column":57}},"8":{"start":{"line":9,"column":0},"end":{"line":9,"column":84}},"9":{"start":{"line":10,"column":0},"end":{"line":10,"column":76}},"10":{"start":{"line":11,"column":0},"end":{"line":11,"column":78}},"11":{"start":{"line":12,"column":0},"end":{"line":12,"column":49}},"12":{"start":{"line":13,"column":0},"end":{"line":13,"column":59}},"13":{"start":{"line":35,"column":2},"end":{"line":35,"column":54}},"14":{"start":{"line":39,"column":2},"end":{"line":39,"column":90}},"15":{"start":{"line":43,"column":2},"end":{"line":48,"column":15}},"16":{"start":{"line":52,"column":2},"end":{"line":71,"column":3}},"17":{"start":{"line":58,"column":6},"end":{"line":58,"column":22}},"18":{"start":{"line":62,"column":6},"end":{"line":62,"column":22}},"19":{"start":{"line":64,"column":6},"end":{"line":64,"column":23}},"20":{"start":{"line":66,"column":6},"end":{"line":66,"column":39}},"21":{"start":{"line":68,"column":6},"end":{"line":68,"column":29}},"22":{"start":{"line":70,"column":6},"end":{"line":70,"column":23}},"23":{"start":{"line":75,"column":16},"end":{"line":78,"column":38}},"24":{"start":{"line":77,"column":19},"end":{"line":77,"column":30}},"25":{"start":{"line":78,"column":22},"end":{"line":78,"column":37}},"26":{"start":{"line":79,"column":17},"end":{"line":79,"column":31}},"27":{"start":{"line":80,"column":2},"end":{"line":80,"column":21}},"28":{"start":{"line":81,"column":2},"end":{"line":81,"column":40}},"29":{"start":{"line":85,"column":2},"end":{"line":85,"column":75}},"30":{"start":{"line":85,"column":63},"end":{"line":85,"column":75}},"31":{"start":{"line":86,"column":2},"end":{"line":86,"column":57}},"32":{"start":{"line":86,"column":45},"end":{"line":86,"column":57}},"33":{"start":{"line":87,"column":2},"end":{"line":87,"column":42}},"34":{"start":{"line":94,"column":26},"end":{"line":94,"column":28}},"35":{"start":{"line":95,"column":16},"end":{"line":95,"column":33}},"36":{"start":{"line":97,"column":20},"end":{"line":101,"column":3}},"37":{"start":{"line":98,"column":4},"end":{"line":98,"column":32}},"38":{"start":{"line":98,"column":25},"end":{"line":98,"column":32}},"39":{"start":{"line":99,"column":4},"end":{"line":99,"column":20}},"40":{"start":{"line":100,"column":4},"end":{"line":100,"column":60}},"41":{"start":{"line":103,"column":2},"end":{"line":121,"column":3}},"42":{"start":{"line":104,"column":4},"end":{"line":104,"column":42}},"43":{"start":{"line":104,"column":33},"end":{"line":104,"column":42}},"44":{"start":{"line":105,"column":19},"end":{"line":105,"column":44}},"45":{"start":{"line":107,"column":4},"end":{"line":111,"column":5}},"46":{"start":{"line":108,"column":6},"end":{"line":108,"column":60}},"47":{"start":{"line":109,"column":6},"end":{"line":109,"column":60}},"48":{"start":{"line":110,"column":6},"end":{"line":110,"column":15}},"49":{"start":{"line":113,"column":4},"end":{"line":116,"column":5}},"50":{"start":{"line":114,"column":6},"end":{"line":114,"column":60}},"51":{"start":{"line":115,"column":6},"end":{"line":115,"column":15}},"52":{"start":{"line":118,"column":21},"end":{"line":118,"column":43}},"53":{"start":{"line":119,"column":25},"end":{"line":119,"column":92}},"54":{"start":{"line":120,"column":4},"end":{"line":120,"column":53}},"55":{"start":{"line":123,"column":2},"end":{"line":126,"column":3}},"56":{"start":{"line":124,"column":4},"end":{"line":124,"column":58}},"57":{"start":{"line":125,"column":4},"end":{"line":125,"column":58}},"58":{"start":{"line":128,"column":2},"end":{"line":130,"column":3}},"59":{"start":{"line":129,"column":4},"end":{"line":129,"column":58}},"60":{"start":{"line":132,"column":2},"end":{"line":132,"column":77}},"61":{"start":{"line":136,"column":2},"end":{"line":142,"column":3}},"62":{"start":{"line":137,"column":4},"end":{"line":137,"column":76}},"63":{"start":{"line":137,"column":64},"end":{"line":137,"column":76}},"64":{"start":{"line":138,"column":4},"end":{"line":141,"column":5}},"65":{"start":{"line":139,"column":6},"end":{"line":139,"column":52}},"66":{"start":{"line":139,"column":40},"end":{"line":139,"column":52}},"67":{"start":{"line":140,"column":6},"end":{"line":140,"column":45}},"68":{"start":{"line":140,"column":33},"end":{"line":140,"column":45}},"69":{"start":{"line":143,"column":2},"end":{"line":143,"column":15}},"70":{"start":{"line":150,"column":46},"end":{"line":150,"column":70}},"71":{"start":{"line":151,"column":2},"end":{"line":153,"column":3}},"72":{"start":{"line":152,"column":4},"end":{"line":152,"column":63}},"73":{"start":{"line":154,"column":2},"end":{"line":154,"column":16}},"74":{"start":{"line":168,"column":17},"end":{"line":168,"column":38}},"75":{"start":{"line":169,"column":24},"end":{"line":169,"column":54}},"76":{"start":{"line":170,"column":16},"end":{"line":170,"column":38}},"77":{"start":{"line":171,"column":26},"end":{"line":171,"column":58}},"78":{"start":{"line":172,"column":20},"end":{"line":172,"column":36}},"79":{"start":{"line":173,"column":20},"end":{"line":173,"column":35}},"80":{"start":{"line":174,"column":15},"end":{"line":174,"column":46}},"81":{"start":{"line":175,"column":19},"end":{"line":175,"column":24}},"82":{"start":{"line":177,"column":2},"end":{"line":177,"column":23}},"83":{"start":{"line":178,"column":20},"end":{"line":178,"column":42}},"84":{"start":{"line":179,"column":24},"end":{"line":179,"column":83}},"85":{"start":{"line":181,"column":2},"end":{"line":181,"column":58}},"86":{"start":{"line":182,"column":2},"end":{"line":182,"column":66}},"87":{"start":{"line":184,"column":25},"end":{"line":184,"column":62}},"88":{"start":{"line":185,"column":27},"end":{"line":185,"column":66}},"89":{"start":{"line":186,"column":12},"end":{"line":186,"column":14}},"90":{"start":{"line":189,"column":24},"end":{"line":189,"column":63}},"91":{"start":{"line":190,"column":2},"end":{"line":221,"column":3}},"92":{"start":{"line":191,"column":4},"end":{"line":191,"column":39}},"93":{"start":{"line":193,"column":25},"end":{"line":199,"column":6}},"94":{"start":{"line":201,"column":19},"end":{"line":207,"column":9}},"95":{"start":{"line":209,"column":25},"end":{"line":209,"column":46}},"96":{"start":{"line":211,"column":4},"end":{"line":217,"column":5}},"97":{"start":{"line":212,"column":6},"end":{"line":212,"column":78}},"98":{"start":{"line":214,"column":6},"end":{"line":214,"column":55}},"99":{"start":{"line":215,"column":6},"end":{"line":215,"column":24}},"100":{"start":{"line":216,"column":6},"end":{"line":216,"column":68}},"101":{"start":{"line":219,"column":4},"end":{"line":219,"column":71}},"102":{"start":{"line":220,"column":4},"end":{"line":220,"column":11}},"103":{"start":{"line":223,"column":2},"end":{"line":264,"column":3}},"104":{"start":{"line":224,"column":4},"end":{"line":263,"column":5}},"105":{"start":{"line":225,"column":6},"end":{"line":260,"column":7}},"106":{"start":{"line":226,"column":8},"end":{"line":226,"column":100}},"107":{"start":{"line":228,"column":29},"end":{"line":228,"column":56}},"108":{"start":{"line":229,"column":8},"end":{"line":229,"column":60}},"109":{"start":{"line":230,"column":28},"end":{"line":230,"column":52}},"110":{"start":{"line":231,"column":27},"end":{"line":231,"column":81}},"111":{"start":{"line":233,"column":8},"end":{"line":259,"column":9}},"112":{"start":{"line":234,"column":10},"end":{"line":234,"column":99}},"113":{"start":{"line":236,"column":32},"end":{"line":239,"column":12}},"114":{"start":{"line":241,"column":31},"end":{"line":247,"column":12}},"115":{"start":{"line":249,"column":25},"end":{"line":255,"column":9}},"116":{"start":{"line":257,"column":10},"end":{"line":257,"column":68}},"117":{"start":{"line":258,"column":10},"end":{"line":258,"column":92}},"118":{"start":{"line":262,"column":6},"end":{"line":262,"column":76}},"119":{"start":{"line":267,"column":2},"end":{"line":272,"column":3}},"120":{"start":{"line":268,"column":4},"end":{"line":268,"column":51}},"121":{"start":{"line":269,"column":4},"end":{"line":269,"column":80}},"122":{"start":{"line":270,"column":4},"end":{"line":270,"column":80}},"123":{"start":{"line":271,"column":4},"end":{"line":271,"column":11}},"124":{"start":{"line":275,"column":2},"end":{"line":400,"column":3}},"125":{"start":{"line":276,"column":4},"end":{"line":279,"column":5}},"126":{"start":{"line":277,"column":6},"end":{"line":277,"column":92}},"127":{"start":{"line":278,"column":6},"end":{"line":278,"column":13}},"128":{"start":{"line":281,"column":25},"end":{"line":281,"column":52}},"129":{"start":{"line":282,"column":4},"end":{"line":282,"column":56}},"130":{"start":{"line":283,"column":24},"end":{"line":283,"column":48}},"131":{"start":{"line":284,"column":23},"end":{"line":284,"column":77}},"132":{"start":{"line":286,"column":4},"end":{"line":289,"column":5}},"133":{"start":{"line":287,"column":6},"end":{"line":287,"column":97}},"134":{"start":{"line":288,"column":6},"end":{"line":288,"column":13}},"135":{"start":{"line":291,"column":31},"end":{"line":291,"column":null}},"136":{"start":{"line":296,"column":27},"end":{"line":296,"column":86}},"137":{"start":{"line":297,"column":36},"end":{"line":297,"column":78}},"138":{"start":{"line":298,"column":4},"end":{"line":300,"column":5}},"139":{"start":{"line":299,"column":6},"end":{"line":299,"column":65}},"140":{"start":{"line":301,"column":4},"end":{"line":301,"column":67}},"141":{"start":{"line":302,"column":4},"end":{"line":302,"column":75}},"142":{"start":{"line":304,"column":7},"end":{"line":305,"column":20}},"143":{"start":{"line":306,"column":29},"end":{"line":306,"column":77}},"144":{"start":{"line":307,"column":75},"end":{"line":312,"column":null}},"145":{"start":{"line":315,"column":21},"end":{"line":315,"column":76}},"146":{"start":{"line":316,"column":19},"end":{"line":316,"column":49}},"147":{"start":{"line":317,"column":22},"end":{"line":317,"column":82}},"148":{"start":{"line":318,"column":26},"end":{"line":318,"column":91}},"149":{"start":{"line":319,"column":26},"end":{"line":319,"column":75}},"150":{"start":{"line":322,"column":21},"end":{"line":322,"column":51}},"151":{"start":{"line":323,"column":20},"end":{"line":325,"column":86}},"152":{"start":{"line":325,"column":19},"end":{"line":325,"column":85}},"153":{"start":{"line":327,"column":4},"end":{"line":330,"column":5}},"154":{"start":{"line":328,"column":6},"end":{"line":328,"column":65}},"155":{"start":{"line":329,"column":6},"end":{"line":329,"column":82}},"156":{"start":{"line":333,"column":21},"end":{"line":335,"column":84}},"157":{"start":{"line":335,"column":19},"end":{"line":335,"column":83}},"158":{"start":{"line":337,"column":4},"end":{"line":341,"column":5}},"159":{"start":{"line":338,"column":6},"end":{"line":338,"column":77}},"160":{"start":{"line":339,"column":6},"end":{"line":339,"column":68}},"161":{"start":{"line":340,"column":6},"end":{"line":340,"column":13}},"162":{"start":{"line":344,"column":37},"end":{"line":345,"column":78}},"163":{"start":{"line":345,"column":6},"end":{"line":345,"column":78}},"164":{"start":{"line":347,"column":20},"end":{"line":347,"column":53}},"165":{"start":{"line":348,"column":28},"end":{"line":348,"column":83}},"166":{"start":{"line":348,"column":53},"end":{"line":348,"column":82}},"167":{"start":{"line":349,"column":28},"end":{"line":349,"column":69}},"168":{"start":{"line":350,"column":36},"end":{"line":351,"column":null}},"169":{"start":{"line":351,"column":6},"end":{"line":351,"column":35}},"170":{"start":{"line":354,"column":35},"end":{"line":354,"column":37}},"171":{"start":{"line":355,"column":4},"end":{"line":357,"column":5}},"172":{"start":{"line":356,"column":6},"end":{"line":356,"column":59}},"173":{"start":{"line":358,"column":4},"end":{"line":358,"column":86}},"174":{"start":{"line":358,"column":54},"end":{"line":358,"column":83}},"175":{"start":{"line":360,"column":37},"end":{"line":360,"column":39}},"176":{"start":{"line":361,"column":4},"end":{"line":363,"column":6}},"177":{"start":{"line":362,"column":46},"end":{"line":362,"column":75}},"178":{"start":{"line":364,"column":4},"end":{"line":366,"column":5}},"179":{"start":{"line":365,"column":6},"end":{"line":365,"column":69}},"180":{"start":{"line":368,"column":29},"end":{"line":388,"column":2}},"181":{"start":{"line":389,"column":4},"end":{"line":389,"column":62}},"182":{"start":{"line":390,"column":4},"end":{"line":390,"column":97}},"183":{"start":{"line":392,"column":4},"end":{"line":392,"column":67}},"184":{"start":{"line":394,"column":4},"end":{"line":399,"column":5}},"185":{"start":{"line":395,"column":6},"end":{"line":395,"column":34}},"186":{"start":{"line":396,"column":6},"end":{"line":396,"column":66}},"187":{"start":{"line":398,"column":6},"end":{"line":398,"column":76}}},"fnMap":{"0":{"name":"pascalCase","decl":{"start":{"line":34,"column":9},"end":{"line":34,"column":19}},"loc":{"start":{"line":34,"column":32},"end":{"line":36,"column":1}}},"1":{"name":"pluralize","decl":{"start":{"line":38,"column":9},"end":{"line":38,"column":18}},"loc":{"start":{"line":38,"column":31},"end":{"line":40,"column":1}}},"2":{"name":"defaultAttrsTypeBody","decl":{"start":{"line":42,"column":9},"end":{"line":42,"column":29}},"loc":{"start":{"line":42,"column":29},"end":{"line":49,"column":1}}},"3":{"name":"columnBaseType","decl":{"start":{"line":51,"column":9},"end":{"line":51,"column":23}},"loc":{"start":{"line":51,"column":48},"end":{"line":72,"column":1}}},"4":{"name":"addNullable","decl":{"start":{"line":74,"column":9},"end":{"line":74,"column":20}},"loc":{"start":{"line":74,"column":33},"end":{"line":82,"column":1}}},"5":{"name":"(anonymous_6)","decl":{"start":{"line":77,"column":9},"end":{"line":77,"column":10}},"loc":{"start":{"line":77,"column":19},"end":{"line":77,"column":30}}},"6":{"name":"(anonymous_7)","decl":{"start":{"line":78,"column":12},"end":{"line":78,"column":13}},"loc":{"start":{"line":78,"column":22},"end":{"line":78,"column":37}}},"7":{"name":"isOptional","decl":{"start":{"line":84,"column":9},"end":{"line":84,"column":19}},"loc":{"start":{"line":84,"column":44},"end":{"line":88,"column":1}}},"8":{"name":"buildAttrsTypeBody","decl":{"start":{"line":90,"column":9},"end":{"line":90,"column":27}},"loc":{"start":{"line":92,"column":73},"end":{"line":133,"column":1}}},"9":{"name":"(anonymous_10)","decl":{"start":{"line":97,"column":20},"end":{"line":97,"column":21}},"loc":{"start":{"line":97,"column":76},"end":{"line":101,"column":3}}},"10":{"name":"hasSoftDeletesSchema","decl":{"start":{"line":135,"column":9},"end":{"line":135,"column":29}},"loc":{"start":{"line":135,"column":65},"end":{"line":144,"column":1}}},"11":{"name":"normalizedSchemaForMigration","decl":{"start":{"line":146,"column":9},"end":{"line":146,"column":37}},"loc":{"start":{"line":149,"column":1},"end":{"line":155,"column":1}}},"12":{"name":"makeModel","decl":{"start":{"line":167,"column":22},"end":{"line":167,"column":31}},"loc":{"start":{"line":167,"column":72},"end":{"line":401,"column":1}}},"13":{"name":"(anonymous_14)","decl":{"start":{"line":325,"column":12},"end":{"line":325,"column":13}},"loc":{"start":{"line":325,"column":19},"end":{"line":325,"column":85}}},"14":{"name":"(anonymous_15)","decl":{"start":{"line":335,"column":12},"end":{"line":335,"column":13}},"loc":{"start":{"line":335,"column":19},"end":{"line":335,"column":83}}},"15":{"name":"(anonymous_16)","decl":{"start":{"line":344,"column":37},"end":{"line":344,"column":38}},"loc":{"start":{"line":345,"column":6},"end":{"line":345,"column":78}}},"16":{"name":"(anonymous_17)","decl":{"start":{"line":348,"column":44},"end":{"line":348,"column":45}},"loc":{"start":{"line":348,"column":53},"end":{"line":348,"column":82}}},"17":{"name":"(anonymous_18)","decl":{"start":{"line":350,"column":60},"end":{"line":350,"column":61}},"loc":{"start":{"line":351,"column":6},"end":{"line":351,"column":35}}},"18":{"name":"(anonymous_19)","decl":{"start":{"line":358,"column":45},"end":{"line":358,"column":46}},"loc":{"start":{"line":358,"column":54},"end":{"line":358,"column":83}}},"19":{"name":"(anonymous_20)","decl":{"start":{"line":362,"column":37},"end":{"line":362,"column":38}},"loc":{"start":{"line":362,"column":46},"end":{"line":362,"column":75}}}},"branchMap":{"0":{"loc":{"start":{"line":39,"column":9},"end":{"line":39,"column":89}},"type":"cond-expr","locations":[{"start":{"line":39,"column":44},"end":{"line":39,"column":62}},{"start":{"line":39,"column":65},"end":{"line":39,"column":89}}]},"1":{"loc":{"start":{"line":52,"column":2},"end":{"line":71,"column":3}},"type":"switch","locations":[{"start":{"line":53,"column":4},"end":{"line":53,"column":22}},{"start":{"line":54,"column":4},"end":{"line":54,"column":15}},{"start":{"line":55,"column":4},"end":{"line":55,"column":18}},{"start":{"line":56,"column":4},"end":{"line":56,"column":19}},{"start":{"line":57,"column":4},"end":{"line":58,"column":22}},{"start":{"line":59,"column":4},"end":{"line":59,"column":16}},{"start":{"line":60,"column":4},"end":{"line":60,"column":18}},{"start":{"line":61,"column":4},"end":{"line":62,"column":22}},{"start":{"line":63,"column":4},"end":{"line":64,"column":23}},{"start":{"line":65,"column":4},"end":{"line":66,"column":39}},{"start":{"line":67,"column":4},"end":{"line":68,"column":29}},{"start":{"line":69,"column":4},"end":{"line":70,"column":23}}]},"2":{"loc":{"start":{"line":85,"column":2},"end":{"line":85,"column":75}},"type":"if","locations":[{"start":{"line":85,"column":2},"end":{"line":85,"column":75}},{"start":{},"end":{}}]},"3":{"loc":{"start":{"line":85,"column":6},"end":{"line":85,"column":61}},"type":"binary-expr","locations":[{"start":{"line":85,"column":6},"end":{"line":85,"column":34}},{"start":{"line":85,"column":38},"end":{"line":85,"column":61}}]},"4":{"loc":{"start":{"line":86,"column":2},"end":{"line":86,"column":57}},"type":"if","locations":[{"start":{"line":86,"column":2},"end":{"line":86,"column":57}},{"start":{},"end":{}}]},"5":{"loc":{"start":{"line":98,"column":4},"end":{"line":98,"column":32}},"type":"if","locations":[{"start":{"line":98,"column":4},"end":{"line":98,"column":32}},{"start":{},"end":{}}]},"6":{"loc":{"start":{"line":100,"column":27},"end":{"line":100,"column":46}},"type":"cond-expr","locations":[{"start":{"line":100,"column":38},"end":{"line":100,"column":41}},{"start":{"line":100,"column":44},"end":{"line":100,"column":46}}]},"7":{"loc":{"start":{"line":104,"column":4},"end":{"line":104,"column":42}},"type":"if","locations":[{"start":{"line":104,"column":4},"end":{"line":104,"column":42}},{"start":{},"end":{}}]},"8":{"loc":{"start":{"line":107,"column":4},"end":{"line":111,"column":5}},"type":"if","locations":[{"start":{"line":107,"column":4},"end":{"line":111,"column":5}},{"start":{},"end":{}}]},"9":{"loc":{"start":{"line":113,"column":4},"end":{"line":116,"column":5}},"type":"if","locations":[{"start":{"line":113,"column":4},"end":{"line":116,"column":5}},{"start":{},"end":{}}]},"10":{"loc":{"start":{"line":119,"column":25},"end":{"line":119,"column":92}},"type":"cond-expr","locations":[{"start":{"line":119,"column":60},"end":{"line":119,"column":68}},{"start":{"line":119,"column":71},"end":{"line":119,"column":92}}]},"11":{"loc":{"start":{"line":123,"column":2},"end":{"line":126,"column":3}},"type":"if","locations":[{"start":{"line":123,"column":2},"end":{"line":126,"column":3}},{"start":{},"end":{}}]},"12":{"loc":{"start":{"line":128,"column":2},"end":{"line":130,"column":3}},"type":"if","locations":[{"start":{"line":128,"column":2},"end":{"line":130,"column":3}},{"start":{},"end":{}}]},"13":{"loc":{"start":{"line":132,"column":9},"end":{"line":132,"column":76}},"type":"cond-expr","locations":[{"start":{"line":132,"column":24},"end":{"line":132,"column":40}},{"start":{"line":132,"column":43},"end":{"line":132,"column":76}}]},"14":{"loc":{"start":{"line":137,"column":4},"end":{"line":137,"column":76}},"type":"if","locations":[{"start":{"line":137,"column":4},"end":{"line":137,"column":76}},{"start":{},"end":{}}]},"15":{"loc":{"start":{"line":137,"column":8},"end":{"line":137,"column":62}},"type":"binary-expr","locations":[{"start":{"line":137,"column":8},"end":{"line":137,"column":30}},{"start":{"line":137,"column":34},"end":{"line":137,"column":62}}]},"16":{"loc":{"start":{"line":138,"column":4},"end":{"line":141,"column":5}},"type":"if","locations":[{"start":{"line":138,"column":4},"end":{"line":141,"column":5}},{"start":{},"end":{}}]},"17":{"loc":{"start":{"line":139,"column":6},"end":{"line":139,"column":52}},"type":"if","locations":[{"start":{"line":139,"column":6},"end":{"line":139,"column":52}},{"start":{},"end":{}}]},"18":{"loc":{"start":{"line":140,"column":6},"end":{"line":140,"column":45}},"type":"if","locations":[{"start":{"line":140,"column":6},"end":{"line":140,"column":45}},{"start":{},"end":{}}]},"19":{"loc":{"start":{"line":151,"column":2},"end":{"line":153,"column":3}},"type":"if","locations":[{"start":{"line":151,"column":2},"end":{"line":153,"column":3}},{"start":{},"end":{}}]},"20":{"loc":{"start":{"line":151,"column":6},"end":{"line":151,"column":61}},"type":"binary-expr","locations":[{"start":{"line":151,"column":6},"end":{"line":151,"column":28}},{"start":{"line":151,"column":32},"end":{"line":151,"column":61}}]},"21":{"loc":{"start":{"line":167,"column":46},"end":{"line":167,"column":72}},"type":"default-arg","locations":[{"start":{"line":167,"column":70},"end":{"line":167,"column":72}}]},"22":{"loc":{"start":{"line":174,"column":15},"end":{"line":174,"column":46}},"type":"cond-expr","locations":[{"start":{"line":174,"column":24},"end":{"line":174,"column":30}},{"start":{"line":174,"column":33},"end":{"line":174,"column":46}}]},"23":{"loc":{"start":{"line":179,"column":24},"end":{"line":179,"column":83}},"type":"cond-expr","locations":[{"start":{"line":179,"column":33},"end":{"line":179,"column":57}},{"start":{"line":179,"column":60},"end":{"line":179,"column":83}}]},"24":{"loc":{"start":{"line":211,"column":4},"end":{"line":217,"column":5}},"type":"if","locations":[{"start":{"line":211,"column":4},"end":{"line":217,"column":5}},{"start":{"line":213,"column":11},"end":{"line":217,"column":5}}]},"25":{"loc":{"start":{"line":211,"column":8},"end":{"line":211,"column":46}},"type":"binary-expr","locations":[{"start":{"line":211,"column":8},"end":{"line":211,"column":36}},{"start":{"line":211,"column":40},"end":{"line":211,"column":46}}]},"26":{"loc":{"start":{"line":223,"column":2},"end":{"line":264,"column":3}},"type":"if","locations":[{"start":{"line":223,"column":2},"end":{"line":264,"column":3}},{"start":{},"end":{}}]},"27":{"loc":{"start":{"line":223,"column":6},"end":{"line":223,"column":35}},"type":"binary-expr","locations":[{"start":{"line":223,"column":6},"end":{"line":223,"column":21}},{"start":{"line":223,"column":25},"end":{"line":223,"column":35}}]},"28":{"loc":{"start":{"line":225,"column":6},"end":{"line":260,"column":7}},"type":"if","locations":[{"start":{"line":225,"column":6},"end":{"line":260,"column":7}},{"start":{"line":227,"column":13},"end":{"line":260,"column":7}}]},"29":{"loc":{"start":{"line":233,"column":8},"end":{"line":259,"column":9}},"type":"if","locations":[{"start":{"line":233,"column":8},"end":{"line":259,"column":9}},{"start":{"line":235,"column":15},"end":{"line":259,"column":9}}]},"30":{"loc":{"start":{"line":267,"column":2},"end":{"line":272,"column":3}},"type":"if","locations":[{"start":{"line":267,"column":2},"end":{"line":272,"column":3}},{"start":{},"end":{}}]},"31":{"loc":{"start":{"line":276,"column":4},"end":{"line":279,"column":5}},"type":"if","locations":[{"start":{"line":276,"column":4},"end":{"line":279,"column":5}},{"start":{},"end":{}}]},"32":{"loc":{"start":{"line":286,"column":4},"end":{"line":289,"column":5}},"type":"if","locations":[{"start":{"line":286,"column":4},"end":{"line":289,"column":5}},{"start":{},"end":{}}]},"33":{"loc":{"start":{"line":286,"column":8},"end":{"line":286,"column":53}},"type":"binary-expr","locations":[{"start":{"line":286,"column":8},"end":{"line":286,"column":27}},{"start":{"line":286,"column":31},"end":{"line":286,"column":53}}]},"34":{"loc":{"start":{"line":298,"column":4},"end":{"line":300,"column":5}},"type":"if","locations":[{"start":{"line":298,"column":4},"end":{"line":300,"column":5}},{"start":{},"end":{}}]},"35":{"loc":{"start":{"line":304,"column":7},"end":{"line":305,"column":20}},"type":"binary-expr","locations":[{"start":{"line":304,"column":7},"end":{"line":304,"column":91}},{"start":{"line":305,"column":6},"end":{"line":305,"column":20}}]},"36":{"loc":{"start":{"line":316,"column":19},"end":{"line":316,"column":49}},"type":"cond-expr","locations":[{"start":{"line":316,"column":30},"end":{"line":316,"column":38}},{"start":{"line":316,"column":41},"end":{"line":316,"column":49}}]},"37":{"loc":{"start":{"line":322,"column":21},"end":{"line":322,"column":51}},"type":"cond-expr","locations":[{"start":{"line":322,"column":32},"end":{"line":322,"column":40}},{"start":{"line":322,"column":43},"end":{"line":322,"column":51}}]},"38":{"loc":{"start":{"line":327,"column":4},"end":{"line":330,"column":5}},"type":"if","locations":[{"start":{"line":327,"column":4},"end":{"line":330,"column":5}},{"start":{},"end":{}}]},"39":{"loc":{"start":{"line":337,"column":4},"end":{"line":341,"column":5}},"type":"if","locations":[{"start":{"line":337,"column":4},"end":{"line":341,"column":5}},{"start":{},"end":{}}]},"40":{"loc":{"start":{"line":337,"column":8},"end":{"line":337,"column":26}},"type":"binary-expr","locations":[{"start":{"line":337,"column":8},"end":{"line":337,"column":16}},{"start":{"line":337,"column":20},"end":{"line":337,"column":26}}]},"41":{"loc":{"start":{"line":355,"column":4},"end":{"line":357,"column":5}},"type":"if","locations":[{"start":{"line":355,"column":4},"end":{"line":357,"column":5}},{"start":{},"end":{}}]},"42":{"loc":{"start":{"line":364,"column":4},"end":{"line":366,"column":5}},"type":"if","locations":[{"start":{"line":364,"column":4},"end":{"line":366,"column":5}},{"start":{},"end":{}}]},"43":{"loc":{"start":{"line":375,"column":4},"end":{"line":377,"column":null}},"type":"cond-expr","locations":[{"start":{"line":376,"column":8},"end":{"line":376,"column":33}},{"start":{"line":377,"column":8},"end":{"line":377,"column":null}}]},"44":{"loc":{"start":{"line":383,"column":4},"end":{"line":385,"column":null}},"type":"cond-expr","locations":[{"start":{"line":384,"column":8},"end":{"line":384,"column":35}},{"start":{"line":385,"column":8},"end":{"line":385,"column":null}}]}},"s":{"0":8,"1":8,"2":8,"3":8,"4":8,"5":8,"6":8,"7":8,"8":8,"9":8,"10":8,"11":8,"12":8,"13":15,"14":15,"15":14,"16":7,"17":2,"18":1,"19":1,"20":1,"21":1,"22":1,"23":6,"24":7,"25":7,"26":6,"27":6,"28":6,"29":7,"30":1,"31":6,"32":0,"33":6,"34":2,"35":2,"36":2,"37":13,"38":0,"39":13,"40":13,"41":2,"42":9,"43":0,"44":9,"45":9,"46":1,"47":1,"48":1,"49":8,"50":1,"51":1,"52":7,"53":7,"54":7,"55":2,"56":1,"57":1,"58":2,"59":1,"60":2,"61":3,"62":7,"63":0,"64":7,"65":6,"66":1,"67":5,"68":0,"69":2,"70":7,"71":7,"72":2,"73":7,"74":15,"75":15,"76":15,"77":15,"78":15,"79":15,"80":15,"81":15,"82":15,"83":15,"84":15,"85":15,"86":15,"87":15,"88":15,"89":15,"90":15,"91":15,"92":15,"93":14,"94":14,"95":14,"96":14,"97":1,"98":13,"99":13,"100":13,"101":1,"102":1,"103":14,"104":5,"105":5,"106":1,"107":4,"108":4,"109":4,"110":3,"111":3,"112":1,"113":2,"114":2,"115":2,"116":2,"117":2,"118":1,"119":14,"120":5,"121":5,"122":5,"123":5,"124":9,"125":9,"126":1,"127":1,"128":8,"129":8,"130":8,"131":8,"132":8,"133":1,"134":1,"135":7,"136":7,"137":7,"138":7,"139":3,"140":7,"141":7,"142":7,"143":7,"144":7,"145":6,"146":6,"147":6,"148":6,"149":6,"150":6,"151":6,"152":1,"153":6,"154":1,"155":1,"156":6,"157":1,"158":6,"159":1,"160":1,"161":1,"162":5,"163":11,"164":5,"165":5,"166":0,"167":5,"168":5,"169":1,"170":5,"171":5,"172":5,"173":5,"174":0,"175":5,"176":5,"177":1,"178":5,"179":4,"180":5,"181":5,"182":5,"183":1,"184":9,"185":9,"186":7,"187":2},"f":{"0":15,"1":15,"2":14,"3":7,"4":6,"5":7,"6":7,"7":7,"8":2,"9":13,"10":3,"11":7,"12":15,"13":1,"14":1,"15":11,"16":0,"17":1,"18":0,"19":1},"b":{"0":[0,15],"1":[1,1,1,2,2,0,1,1,1,1,1,1],"2":[1,6],"3":[7,6],"4":[0,6],"5":[0,13],"6":[12,1],"7":[0,9],"8":[1,8],"9":[1,7],"10":[1,6],"11":[1,1],"12":[1,1],"13":[2,0],"14":[0,7],"15":[7,0],"16":[6,1],"17":[1,5],"18":[0,5],"19":[2,5],"20":[7,3],"21":[0],"22":[15,0],"23":[15,0],"24":[1,13],"25":[14,6],"26":[5,9],"27":[14,5],"28":[1,4],"29":[1,2],"30":[5,9],"31":[1,8],"32":[1,7],"33":[8,7],"34":[3,4],"35":[7,0],"36":[3,3],"37":[3,3],"38":[1,5],"39":[1,5],"40":[6,1],"41":[5,0],"42":[4,1],"43":[5,0],"44":[4,1]}}
}
