{"total": {"lines":{"total":6289,"covered":6289,"skipped":0,"pct":100},"statements":{"total":6632,"covered":6632,"skipped":0,"pct":100},"functions":{"total":1087,"covered":1087,"skipped":0,"pct":100},"branches":{"total":3563,"covered":3563,"skipped":0,"pct":100},"branchesTrue":{"total":0,"covered":0,"skipped":0,"pct":100}}
,"L:\\npm dev Packages\\src\\Model.ts": {"lines":{"total":3,"covered":3,"skipped":0,"pct":100},"functions":{"total":2,"covered":2,"skipped":0,"pct":100},"statements":{"total":3,"covered":3,"skipped":0,"pct":100},"branches":{"total":0,"covered":0,"skipped":0,"pct":100}}
,"L:\\npm dev Packages\\src\\index.ts": {"lines":{"total":27,"covered":27,"skipped":0,"pct":100},"functions":{"total":21,"covered":21,"skipped":0,"pct":100},"statements":{"total":31,"covered":31,"skipped":0,"pct":100},"branches":{"total":0,"covered":0,"skipped":0,"pct":100}}
,"L:\\npm dev Packages\\src\\cli\\eloquent.ts": {"lines":{"total":115,"covered":115,"skipped":0,"pct":100},"functions":{"total":15,"covered":15,"skipped":0,"pct":100},"statements":{"total":119,"covered":119,"skipped":0,"pct":100},"branches":{"total":48,"covered":48,"skipped":0,"pct":100}}
,"L:\\npm dev Packages\\src\\cli\\commands\\cacheClear.ts": {"lines":{"total":45,"covered":45,"skipped":0,"pct":100},"functions":{"total":5,"covered":5,"skipped":0,"pct":100},"statements":{"total":47,"covered":47,"skipped":0,"pct":100},"branches":{"total":24,"covered":24,"skipped":0,"pct":100}}
,"L:\\npm dev Packages\\src\\cli\\commands\\cacheStats.ts": {"lines":{"total":39,"covered":39,"skipped":0,"pct":100},"functions":{"total":6,"covered":6,"skipped":0,"pct":100},"statements":{"total":42,"covered":42,"skipped":0,"pct":100},"branches":{"total":16,"covered":16,"skipped":0,"pct":100}}
,"L:\\npm dev Packages\\src\\cli\\commands\\dbSeed.ts": {"lines":{"total":109,"covered":109,"skipped":0,"pct":100},"functions":{"total":11,"covered":11,"skipped":0,"pct":100},"statements":{"total":113,"covered":113,"skipped":0,"pct":100},"branches":{"total":56,"covered":56,"skipped":0,"pct":100}}
,"L:\\npm dev Packages\\src\\cli\\commands\\dbSeedBootstrapPrecheck.ts": {"lines":{"total":3,"covered":3,"skipped":0,"pct":100},"functions":{"total":1,"covered":1,"skipped":0,"pct":100},"statements":{"total":3,"covered":3,"skipped":0,"pct":100},"branches":{"total":1,"covered":1,"skipped":0,"pct":100}}
,"L:\\npm dev Packages\\src\\cli\\commands\\dbSeedFresh.ts": {"lines":{"total":39,"covered":39,"skipped":0,"pct":100},"functions":{"total":2,"covered":2,"skipped":0,"pct":100},"statements":{"total":41,"covered":41,"skipped":0,"pct":100},"branches":{"total":20,"covered":20,"skipped":0,"pct":100}}
,"L:\\npm dev Packages\\src\\cli\\commands\\demoScenario.ts": {"lines":{"total":108,"covered":108,"skipped":0,"pct":100},"functions":{"total":12,"covered":12,"skipped":0,"pct":100},"statements":{"total":112,"covered":112,"skipped":0,"pct":100},"branches":{"total":52,"covered":52,"skipped":0,"pct":100}}
,"L:\\npm dev Packages\\src\\cli\\commands\\factoryStatus.ts": {"lines":{"total":52,"covered":52,"skipped":0,"pct":100},"functions":{"total":6,"covered":6,"skipped":0,"pct":100},"statements":{"total":53,"covered":53,"skipped":0,"pct":100},"branches":{"total":32,"covered":32,"skipped":0,"pct":100}}
,"L:\\npm dev Packages\\src\\cli\\commands\\makeController.ts": {"lines":{"total":19,"covered":19,"skipped":0,"pct":100},"functions":{"total":1,"covered":1,"skipped":0,"pct":100},"statements":{"total":19,"covered":19,"skipped":0,"pct":100},"branches":{"total":9,"covered":9,"skipped":0,"pct":100}}
,"L:\\npm dev Packages\\src\\cli\\commands\\makeFactory.ts": {"lines":{"total":88,"covered":88,"skipped":0,"pct":100},"functions":{"total":3,"covered":3,"skipped":0,"pct":100},"statements":{"total":91,"covered":91,"skipped":0,"pct":100},"branches":{"total":62,"covered":62,"skipped":0,"pct":100}}
,"L:\\npm dev Packages\\src\\cli\\commands\\makeMigration.ts": {"lines":{"total":275,"covered":275,"skipped":0,"pct":100},"functions":{"total":33,"covered":33,"skipped":0,"pct":100},"statements":{"total":282,"covered":282,"skipped":0,"pct":100},"branches":{"total":191,"covered":191,"skipped":0,"pct":100}}
,"L:\\npm dev Packages\\src\\cli\\commands\\makeModel.ts": {"lines":{"total":189,"covered":189,"skipped":0,"pct":100},"functions":{"total":20,"covered":20,"skipped":0,"pct":100},"statements":{"total":198,"covered":198,"skipped":0,"pct":100},"branches":{"total":113,"covered":113,"skipped":0,"pct":100}}
,"L:\\npm dev Packages\\src\\cli\\commands\\makeRegistry.ts": {"lines":{"total":47,"covered":47,"skipped":0,"pct":100},"functions":{"total":15,"covered":15,"skipped":0,"pct":100},"statements":{"total":47,"covered":47,"skipped":0,"pct":100},"branches":{"total":21,"covered":21,"skipped":0,"pct":100}}
,"L:\\npm dev Packages\\src\\cli\\commands\\makeScenario.ts": {"lines":{"total":163,"covered":163,"skipped":0,"pct":100},"functions":{"total":26,"covered":26,"skipped":0,"pct":100},"statements":{"total":172,"covered":172,"skipped":0,"pct":100},"branches":{"total":75,"covered":75,"skipped":0,"pct":100}}
,"L:\\npm dev Packages\\src\\cli\\commands\\makeSeed.ts": {"lines":{"total":24,"covered":24,"skipped":0,"pct":100},"functions":{"total":1,"covered":1,"skipped":0,"pct":100},"statements":{"total":25,"covered":25,"skipped":0,"pct":100},"branches":{"total":8,"covered":8,"skipped":0,"pct":100}}
,"L:\\npm dev Packages\\src\\cli\\commands\\makeService.ts": {"lines":{"total":15,"covered":15,"skipped":0,"pct":100},"functions":{"total":1,"covered":1,"skipped":0,"pct":100},"statements":{"total":15,"covered":15,"skipped":0,"pct":100},"branches":{"total":7,"covered":7,"skipped":0,"pct":100}}
,"L:\\npm dev Packages\\src\\cli\\commands\\migrateFresh.ts": {"lines":{"total":85,"covered":85,"skipped":0,"pct":100},"functions":{"total":7,"covered":7,"skipped":0,"pct":100},"statements":{"total":86,"covered":86,"skipped":0,"pct":100},"branches":{"total":35,"covered":35,"skipped":0,"pct":100}}
,"L:\\npm dev Packages\\src\\cli\\commands\\migrateReset.ts": {"lines":{"total":8,"covered":8,"skipped":0,"pct":100},"functions":{"total":1,"covered":1,"skipped":0,"pct":100},"statements":{"total":8,"covered":8,"skipped":0,"pct":100},"branches":{"total":9,"covered":9,"skipped":0,"pct":100}}
,"L:\\npm dev Packages\\src\\cli\\commands\\migrateRollback.ts": {"lines":{"total":198,"covered":198,"skipped":0,"pct":100},"functions":{"total":20,"covered":20,"skipped":0,"pct":100},"statements":{"total":207,"covered":207,"skipped":0,"pct":100},"branches":{"total":80,"covered":80,"skipped":0,"pct":100}}
,"L:\\npm dev Packages\\src\\cli\\commands\\migrateRun.ts": {"lines":{"total":194,"covered":194,"skipped":0,"pct":100},"functions":{"total":22,"covered":22,"skipped":0,"pct":100},"statements":{"total":205,"covered":205,"skipped":0,"pct":100},"branches":{"total":105,"covered":105,"skipped":0,"pct":100}}
,"L:\\npm dev Packages\\src\\cli\\commands\\migrateStatus.ts": {"lines":{"total":73,"covered":73,"skipped":0,"pct":100},"functions":{"total":14,"covered":14,"skipped":0,"pct":100},"statements":{"total":77,"covered":77,"skipped":0,"pct":100},"branches":{"total":41,"covered":41,"skipped":0,"pct":100}}
,"L:\\npm dev Packages\\src\\cli\\utils\\ArtifactCompatibility.ts": {"lines":{"total":26,"covered":26,"skipped":0,"pct":100},"functions":{"total":3,"covered":3,"skipped":0,"pct":100},"statements":{"total":26,"covered":26,"skipped":0,"pct":100},"branches":{"total":21,"covered":21,"skipped":0,"pct":100}}
,"L:\\npm dev Packages\\src\\cli\\utils\\ArtifactRoutingReport.ts": {"lines":{"total":11,"covered":11,"skipped":0,"pct":100},"functions":{"total":3,"covered":3,"skipped":0,"pct":100},"statements":{"total":11,"covered":11,"skipped":0,"pct":100},"branches":{"total":4,"covered":4,"skipped":0,"pct":100}}
,"L:\\npm dev Packages\\src\\cli\\utils\\ArtifactStorage.ts": {"lines":{"total":131,"covered":131,"skipped":0,"pct":100},"functions":{"total":17,"covered":17,"skipped":0,"pct":100},"statements":{"total":132,"covered":132,"skipped":0,"pct":100},"branches":{"total":67,"covered":67,"skipped":0,"pct":100}}
,"L:\\npm dev Packages\\src\\cli\\utils\\AuditTrail.ts": {"lines":{"total":26,"covered":26,"skipped":0,"pct":100},"functions":{"total":7,"covered":7,"skipped":0,"pct":100},"statements":{"total":31,"covered":31,"skipped":0,"pct":100},"branches":{"total":40,"covered":40,"skipped":0,"pct":100}}
,"L:\\npm dev Packages\\src\\cli\\utils\\CliActionRuntime.ts": {"lines":{"total":10,"covered":10,"skipped":0,"pct":100},"functions":{"total":3,"covered":3,"skipped":0,"pct":100},"statements":{"total":10,"covered":10,"skipped":0,"pct":100},"branches":{"total":3,"covered":3,"skipped":0,"pct":100}}
,"L:\\npm dev Packages\\src\\cli\\utils\\CliBootstrapSupport.ts": {"lines":{"total":26,"covered":26,"skipped":0,"pct":100},"functions":{"total":4,"covered":4,"skipped":0,"pct":100},"statements":{"total":26,"covered":26,"skipped":0,"pct":100},"branches":{"total":30,"covered":30,"skipped":0,"pct":100}}
,"L:\\npm dev Packages\\src\\cli\\utils\\CliCommandCatalog.ts": {"lines":{"total":1,"covered":1,"skipped":0,"pct":100},"functions":{"total":0,"covered":0,"skipped":0,"pct":100},"statements":{"total":1,"covered":1,"skipped":0,"pct":100},"branches":{"total":0,"covered":0,"skipped":0,"pct":100}}
,"L:\\npm dev Packages\\src\\cli\\utils\\CliCommandTargets.ts": {"lines":{"total":6,"covered":6,"skipped":0,"pct":100},"functions":{"total":2,"covered":2,"skipped":0,"pct":100},"statements":{"total":6,"covered":6,"skipped":0,"pct":100},"branches":{"total":4,"covered":4,"skipped":0,"pct":100}}
,"L:\\npm dev Packages\\src\\cli\\utils\\CliMakeArtifactCommandRegistration.ts": {"lines":{"total":26,"covered":26,"skipped":0,"pct":100},"functions":{"total":5,"covered":5,"skipped":0,"pct":100},"statements":{"total":26,"covered":26,"skipped":0,"pct":100},"branches":{"total":14,"covered":14,"skipped":0,"pct":100}}
,"L:\\npm dev Packages\\src\\cli\\utils\\CliMigrationCommandRegistration.ts": {"lines":{"total":52,"covered":52,"skipped":0,"pct":100},"functions":{"total":9,"covered":9,"skipped":0,"pct":100},"statements":{"total":52,"covered":52,"skipped":0,"pct":100},"branches":{"total":18,"covered":18,"skipped":0,"pct":100}}
,"L:\\npm dev Packages\\src\\cli\\utils\\CliPresentation.ts": {"lines":{"total":7,"covered":7,"skipped":0,"pct":100},"functions":{"total":1,"covered":1,"skipped":0,"pct":100},"statements":{"total":7,"covered":7,"skipped":0,"pct":100},"branches":{"total":1,"covered":1,"skipped":0,"pct":100}}
,"L:\\npm dev Packages\\src\\cli\\utils\\CliProductionGuards.ts": {"lines":{"total":18,"covered":18,"skipped":0,"pct":100},"functions":{"total":2,"covered":2,"skipped":0,"pct":100},"statements":{"total":18,"covered":18,"skipped":0,"pct":100},"branches":{"total":10,"covered":10,"skipped":0,"pct":100}}
,"L:\\npm dev Packages\\src\\cli\\utils\\CliScaffoldCommandRegistration.ts": {"lines":{"total":22,"covered":22,"skipped":0,"pct":100},"functions":{"total":5,"covered":5,"skipped":0,"pct":100},"statements":{"total":22,"covered":22,"skipped":0,"pct":100},"branches":{"total":8,"covered":8,"skipped":0,"pct":100}}
,"L:\\npm dev Packages\\src\\cli\\utils\\CliSeedScenarioCommandRegistration.ts": {"lines":{"total":34,"covered":34,"skipped":0,"pct":100},"functions":{"total":8,"covered":8,"skipped":0,"pct":100},"statements":{"total":34,"covered":34,"skipped":0,"pct":100},"branches":{"total":14,"covered":14,"skipped":0,"pct":100}}
,"L:\\npm dev Packages\\src\\cli\\utils\\CliSupportCommandRegistration.ts": {"lines":{"total":14,"covered":14,"skipped":0,"pct":100},"functions":{"total":3,"covered":3,"skipped":0,"pct":100},"statements":{"total":14,"covered":14,"skipped":0,"pct":100},"branches":{"total":0,"covered":0,"skipped":0,"pct":100}}
,"L:\\npm dev Packages\\src\\cli\\utils\\CliVersion.ts": {"lines":{"total":11,"covered":11,"skipped":0,"pct":100},"functions":{"total":1,"covered":1,"skipped":0,"pct":100},"statements":{"total":12,"covered":12,"skipped":0,"pct":100},"branches":{"total":4,"covered":4,"skipped":0,"pct":100}}
,"L:\\npm dev Packages\\src\\cli\\utils\\ConsoleSilencer.ts": {"lines":{"total":14,"covered":14,"skipped":0,"pct":100},"functions":{"total":4,"covered":4,"skipped":0,"pct":100},"statements":{"total":16,"covered":16,"skipped":0,"pct":100},"branches":{"total":2,"covered":2,"skipped":0,"pct":100}}
,"L:\\npm dev Packages\\src\\cli\\utils\\ImportResolver.ts": {"lines":{"total":50,"covered":50,"skipped":0,"pct":100},"functions":{"total":9,"covered":9,"skipped":0,"pct":100},"statements":{"total":53,"covered":53,"skipped":0,"pct":100},"branches":{"total":46,"covered":46,"skipped":0,"pct":100}}
,"L:\\npm dev Packages\\src\\cli\\utils\\ModelIntrospector.ts": {"lines":{"total":35,"covered":35,"skipped":0,"pct":100},"functions":{"total":5,"covered":5,"skipped":0,"pct":100},"statements":{"total":35,"covered":35,"skipped":0,"pct":100},"branches":{"total":18,"covered":18,"skipped":0,"pct":100}}
,"L:\\npm dev Packages\\src\\cli\\utils\\PathMap.ts": {"lines":{"total":39,"covered":39,"skipped":0,"pct":100},"functions":{"total":14,"covered":14,"skipped":0,"pct":100},"statements":{"total":41,"covered":41,"skipped":0,"pct":100},"branches":{"total":26,"covered":26,"skipped":0,"pct":100}}
,"L:\\npm dev Packages\\src\\cli\\utils\\ProductionSafety.ts": {"lines":{"total":28,"covered":28,"skipped":0,"pct":100},"functions":{"total":4,"covered":4,"skipped":0,"pct":100},"statements":{"total":31,"covered":31,"skipped":0,"pct":100},"branches":{"total":32,"covered":32,"skipped":0,"pct":100}}
,"L:\\npm dev Packages\\src\\cli\\utils\\ScaffoldGeneratorSupport.ts": {"lines":{"total":33,"covered":33,"skipped":0,"pct":100},"functions":{"total":9,"covered":9,"skipped":0,"pct":100},"statements":{"total":33,"covered":33,"skipped":0,"pct":100},"branches":{"total":17,"covered":17,"skipped":0,"pct":100}}
,"L:\\npm dev Packages\\src\\cli\\utils\\ScenarioMorphAliasRouting.ts": {"lines":{"total":28,"covered":28,"skipped":0,"pct":100},"functions":{"total":3,"covered":3,"skipped":0,"pct":100},"statements":{"total":28,"covered":28,"skipped":0,"pct":100},"branches":{"total":12,"covered":12,"skipped":0,"pct":100}}
,"L:\\npm dev Packages\\src\\cli\\utils\\SeedBootstrapPrecheck.ts": {"lines":{"total":66,"covered":66,"skipped":0,"pct":100},"functions":{"total":9,"covered":9,"skipped":0,"pct":100},"statements":{"total":68,"covered":68,"skipped":0,"pct":100},"branches":{"total":33,"covered":33,"skipped":0,"pct":100}}
,"L:\\npm dev Packages\\src\\cli\\utils\\StructuredLogger.ts": {"lines":{"total":17,"covered":17,"skipped":0,"pct":100},"functions":{"total":5,"covered":5,"skipped":0,"pct":100},"statements":{"total":18,"covered":18,"skipped":0,"pct":100},"branches":{"total":17,"covered":17,"skipped":0,"pct":100}}
,"L:\\npm dev Packages\\src\\cli\\utils\\TemplateEngine.ts": {"lines":{"total":78,"covered":78,"skipped":0,"pct":100},"functions":{"total":12,"covered":12,"skipped":0,"pct":100},"statements":{"total":87,"covered":87,"skipped":0,"pct":100},"branches":{"total":58,"covered":58,"skipped":0,"pct":100}}
,"L:\\npm dev Packages\\src\\cli\\utils\\fileWriter.ts": {"lines":{"total":29,"covered":29,"skipped":0,"pct":100},"functions":{"total":4,"covered":4,"skipped":0,"pct":100},"statements":{"total":29,"covered":29,"skipped":0,"pct":100},"branches":{"total":6,"covered":6,"skipped":0,"pct":100}}
,"L:\\npm dev Packages\\src\\cli\\utils\\resolveConnectionFlags.ts": {"lines":{"total":26,"covered":26,"skipped":0,"pct":100},"functions":{"total":6,"covered":6,"skipped":0,"pct":100},"statements":{"total":27,"covered":27,"skipped":0,"pct":100},"branches":{"total":20,"covered":20,"skipped":0,"pct":100}}
,"L:\\npm dev Packages\\src\\cli\\utils\\resolveSqlConnectionFlags.ts": {"lines":{"total":13,"covered":13,"skipped":0,"pct":100},"functions":{"total":2,"covered":2,"skipped":0,"pct":100},"statements":{"total":13,"covered":13,"skipped":0,"pct":100},"branches":{"total":11,"covered":11,"skipped":0,"pct":100}}
,"L:\\npm dev Packages\\src\\cli\\utils\\factories\\Factory.ts": {"lines":{"total":63,"covered":63,"skipped":0,"pct":100},"functions":{"total":14,"covered":14,"skipped":0,"pct":100},"statements":{"total":69,"covered":69,"skipped":0,"pct":100},"branches":{"total":42,"covered":42,"skipped":0,"pct":100}}
,"L:\\npm dev Packages\\src\\cli\\utils\\factories\\FactoryDisplay.ts": {"lines":{"total":11,"covered":11,"skipped":0,"pct":100},"functions":{"total":1,"covered":1,"skipped":0,"pct":100},"statements":{"total":11,"covered":11,"skipped":0,"pct":100},"branches":{"total":7,"covered":7,"skipped":0,"pct":100}}
,"L:\\npm dev Packages\\src\\cli\\utils\\factories\\FactoryGraph.ts": {"lines":{"total":39,"covered":39,"skipped":0,"pct":100},"functions":{"total":6,"covered":6,"skipped":0,"pct":100},"statements":{"total":39,"covered":39,"skipped":0,"pct":100},"branches":{"total":16,"covered":16,"skipped":0,"pct":100}}
,"L:\\npm dev Packages\\src\\cli\\utils\\factories\\FactoryLoader.ts": {"lines":{"total":11,"covered":11,"skipped":0,"pct":100},"functions":{"total":1,"covered":1,"skipped":0,"pct":100},"statements":{"total":12,"covered":12,"skipped":0,"pct":100},"branches":{"total":4,"covered":4,"skipped":0,"pct":100}}
,"L:\\npm dev Packages\\src\\cli\\utils\\factories\\FactoryRegistry.ts": {"lines":{"total":46,"covered":46,"skipped":0,"pct":100},"functions":{"total":8,"covered":8,"skipped":0,"pct":100},"statements":{"total":47,"covered":47,"skipped":0,"pct":100},"branches":{"total":20,"covered":20,"skipped":0,"pct":100}}
,"L:\\npm dev Packages\\src\\cli\\utils\\migrations\\ExtraMigrationClassifier.ts": {"lines":{"total":11,"covered":11,"skipped":0,"pct":100},"functions":{"total":1,"covered":1,"skipped":0,"pct":100},"statements":{"total":11,"covered":11,"skipped":0,"pct":100},"branches":{"total":4,"covered":4,"skipped":0,"pct":100}}
,"L:\\npm dev Packages\\src\\cli\\utils\\migrations\\MigrationLockStrategy.ts": {"lines":{"total":66,"covered":66,"skipped":0,"pct":100},"functions":{"total":10,"covered":10,"skipped":0,"pct":100},"statements":{"total":69,"covered":69,"skipped":0,"pct":100},"branches":{"total":40,"covered":40,"skipped":0,"pct":100}}
,"L:\\npm dev Packages\\src\\cli\\utils\\migrations\\MigrationTracker.ts": {"lines":{"total":157,"covered":157,"skipped":0,"pct":100},"functions":{"total":27,"covered":27,"skipped":0,"pct":100},"statements":{"total":160,"covered":160,"skipped":0,"pct":100},"branches":{"total":69,"covered":69,"skipped":0,"pct":100}}
,"L:\\npm dev Packages\\src\\cli\\utils\\migrations\\ModelDependencySorter.ts": {"lines":{"total":33,"covered":33,"skipped":0,"pct":100},"functions":{"total":5,"covered":5,"skipped":0,"pct":100},"statements":{"total":40,"covered":40,"skipped":0,"pct":100},"branches":{"total":22,"covered":22,"skipped":0,"pct":100}}
,"L:\\npm dev Packages\\src\\cli\\utils\\migrations\\MongoMigrationTracker.ts": {"lines":{"total":137,"covered":137,"skipped":0,"pct":100},"functions":{"total":28,"covered":28,"skipped":0,"pct":100},"statements":{"total":141,"covered":141,"skipped":0,"pct":100},"branches":{"total":69,"covered":69,"skipped":0,"pct":100}}
,"L:\\npm dev Packages\\src\\cli\\utils\\typescript\\BaseCommand.ts": {"lines":{"total":10,"covered":10,"skipped":0,"pct":100},"functions":{"total":5,"covered":5,"skipped":0,"pct":100},"statements":{"total":11,"covered":11,"skipped":0,"pct":100},"branches":{"total":2,"covered":2,"skipped":0,"pct":100}}
,"L:\\npm dev Packages\\src\\cli\\utils\\typescript\\RuntimeDetector.ts": {"lines":{"total":15,"covered":15,"skipped":0,"pct":100},"functions":{"total":5,"covered":5,"skipped":0,"pct":100},"statements":{"total":19,"covered":19,"skipped":0,"pct":100},"branches":{"total":9,"covered":9,"skipped":0,"pct":100}}
,"L:\\npm dev Packages\\src\\cli\\utils\\typescript\\TypeScriptCompiler.ts": {"lines":{"total":42,"covered":42,"skipped":0,"pct":100},"functions":{"total":5,"covered":5,"skipped":0,"pct":100},"statements":{"total":43,"covered":43,"skipped":0,"pct":100},"branches":{"total":18,"covered":18,"skipped":0,"pct":100}}
,"L:\\npm dev Packages\\src\\cli\\utils\\typescript\\tsRuntime.ts": {"lines":{"total":130,"covered":130,"skipped":0,"pct":100},"functions":{"total":17,"covered":17,"skipped":0,"pct":100},"statements":{"total":133,"covered":133,"skipped":0,"pct":100},"branches":{"total":59,"covered":59,"skipped":0,"pct":100}}
,"L:\\npm dev Packages\\src\\config\\database.ts": {"lines":{"total":12,"covered":12,"skipped":0,"pct":100},"functions":{"total":0,"covered":0,"skipped":0,"pct":100},"statements":{"total":12,"covered":12,"skipped":0,"pct":100},"branches":{"total":2,"covered":2,"skipped":0,"pct":100}}
,"L:\\npm dev Packages\\src\\config\\dbRoleEnv.ts": {"lines":{"total":53,"covered":53,"skipped":0,"pct":100},"functions":{"total":10,"covered":10,"skipped":0,"pct":100},"statements":{"total":54,"covered":54,"skipped":0,"pct":100},"branches":{"total":45,"covered":45,"skipped":0,"pct":100}}
,"L:\\npm dev Packages\\src\\core\\cache\\CacheAnalytics.ts": {"lines":{"total":39,"covered":39,"skipped":0,"pct":100},"functions":{"total":8,"covered":8,"skipped":0,"pct":100},"statements":{"total":44,"covered":44,"skipped":0,"pct":100},"branches":{"total":16,"covered":16,"skipped":0,"pct":100}}
,"L:\\npm dev Packages\\src\\core\\cache\\CacheDriver.ts": {"lines":{"total":1,"covered":1,"skipped":0,"pct":100},"functions":{"total":0,"covered":0,"skipped":0,"pct":100},"statements":{"total":1,"covered":1,"skipped":0,"pct":100},"branches":{"total":0,"covered":0,"skipped":0,"pct":100}}
,"L:\\npm dev Packages\\src\\core\\cache\\CacheFallbackManager.ts": {"lines":{"total":50,"covered":50,"skipped":0,"pct":100},"functions":{"total":19,"covered":19,"skipped":0,"pct":100},"statements":{"total":55,"covered":55,"skipped":0,"pct":100},"branches":{"total":16,"covered":16,"skipped":0,"pct":100}}
,"L:\\npm dev Packages\\src\\core\\cache\\CacheManager.ts": {"lines":{"total":9,"covered":9,"skipped":0,"pct":100},"functions":{"total":6,"covered":6,"skipped":0,"pct":100},"statements":{"total":9,"covered":9,"skipped":0,"pct":100},"branches":{"total":1,"covered":1,"skipped":0,"pct":100}}
,"L:\\npm dev Packages\\src\\core\\cache\\CacheRegistry.ts": {"lines":{"total":46,"covered":46,"skipped":0,"pct":100},"functions":{"total":8,"covered":8,"skipped":0,"pct":100},"statements":{"total":47,"covered":47,"skipped":0,"pct":100},"branches":{"total":18,"covered":18,"skipped":0,"pct":100}}
,"L:\\npm dev Packages\\src\\core\\cache\\setupCache.ts": {"lines":{"total":26,"covered":26,"skipped":0,"pct":100},"functions":{"total":1,"covered":1,"skipped":0,"pct":100},"statements":{"total":26,"covered":26,"skipped":0,"pct":100},"branches":{"total":15,"covered":15,"skipped":0,"pct":100}}
,"L:\\npm dev Packages\\src\\core\\cache\\drivers\\FileCacheDriver.ts": {"lines":{"total":26,"covered":26,"skipped":0,"pct":100},"functions":{"total":12,"covered":12,"skipped":0,"pct":100},"statements":{"total":28,"covered":28,"skipped":0,"pct":100},"branches":{"total":8,"covered":8,"skipped":0,"pct":100}}
,"L:\\npm dev Packages\\src\\core\\cache\\drivers\\MemcachedCacheDriver.ts": {"lines":{"total":22,"covered":22,"skipped":0,"pct":100},"functions":{"total":14,"covered":14,"skipped":0,"pct":100},"statements":{"total":26,"covered":26,"skipped":0,"pct":100},"branches":{"total":12,"covered":12,"skipped":0,"pct":100}}
,"L:\\npm dev Packages\\src\\core\\cache\\drivers\\MemoryCacheDriver.ts": {"lines":{"total":13,"covered":13,"skipped":0,"pct":100},"functions":{"total":5,"covered":5,"skipped":0,"pct":100},"statements":{"total":14,"covered":14,"skipped":0,"pct":100},"branches":{"total":9,"covered":9,"skipped":0,"pct":100}}
,"L:\\npm dev Packages\\src\\core\\connection\\BetterSqliteConnection.ts": {"lines":{"total":10,"covered":10,"skipped":0,"pct":100},"functions":{"total":7,"covered":7,"skipped":0,"pct":100},"statements":{"total":10,"covered":10,"skipped":0,"pct":100},"branches":{"total":5,"covered":5,"skipped":0,"pct":100}}
,"L:\\npm dev Packages\\src\\core\\connection\\ConnectionFactory.ts": {"lines":{"total":65,"covered":65,"skipped":0,"pct":100},"functions":{"total":9,"covered":9,"skipped":0,"pct":100},"statements":{"total":66,"covered":66,"skipped":0,"pct":100},"branches":{"total":30,"covered":30,"skipped":0,"pct":100}}
,"L:\\npm dev Packages\\src\\core\\connection\\DatabaseConnection.ts": {"lines":{"total":57,"covered":57,"skipped":0,"pct":100},"functions":{"total":7,"covered":7,"skipped":0,"pct":100},"statements":{"total":60,"covered":60,"skipped":0,"pct":100},"branches":{"total":40,"covered":40,"skipped":0,"pct":100}}
,"L:\\npm dev Packages\\src\\core\\connection\\DriverAdapter.ts": {"lines":{"total":66,"covered":66,"skipped":0,"pct":100},"functions":{"total":25,"covered":25,"skipped":0,"pct":100},"statements":{"total":71,"covered":71,"skipped":0,"pct":100},"branches":{"total":54,"covered":54,"skipped":0,"pct":100}}
,"L:\\npm dev Packages\\src\\core\\connection\\resolveConnectionName.ts": {"lines":{"total":19,"covered":19,"skipped":0,"pct":100},"functions":{"total":1,"covered":1,"skipped":0,"pct":100},"statements":{"total":19,"covered":19,"skipped":0,"pct":100},"branches":{"total":22,"covered":22,"skipped":0,"pct":100}}
,"L:\\npm dev Packages\\src\\core\\model\\BaseModel.ts": {"lines":{"total":58,"covered":58,"skipped":0,"pct":100},"functions":{"total":18,"covered":18,"skipped":0,"pct":100},"statements":{"total":63,"covered":63,"skipped":0,"pct":100},"branches":{"total":15,"covered":15,"skipped":0,"pct":100}}
,"L:\\npm dev Packages\\src\\core\\model\\BaseModelSafeFinderStatics.ts": {"lines":{"total":33,"covered":33,"skipped":0,"pct":100},"functions":{"total":24,"covered":24,"skipped":0,"pct":100},"statements":{"total":33,"covered":33,"skipped":0,"pct":100},"branches":{"total":13,"covered":13,"skipped":0,"pct":100}}
,"L:\\npm dev Packages\\src\\core\\model\\CoreModel.ts": {"lines":{"total":247,"covered":247,"skipped":0,"pct":100},"functions":{"total":60,"covered":60,"skipped":0,"pct":100},"statements":{"total":260,"covered":260,"skipped":0,"pct":100},"branches":{"total":132,"covered":132,"skipped":0,"pct":100}}
,"L:\\npm dev Packages\\src\\core\\model\\CoreModelPersistenceState.ts": {"lines":{"total":85,"covered":85,"skipped":0,"pct":100},"functions":{"total":15,"covered":15,"skipped":0,"pct":100},"statements":{"total":90,"covered":90,"skipped":0,"pct":100},"branches":{"total":69,"covered":69,"skipped":0,"pct":100}}
,"L:\\npm dev Packages\\src\\core\\model\\CoreModelSafeFinderSupport.ts": {"lines":{"total":7,"covered":7,"skipped":0,"pct":100},"functions":{"total":2,"covered":2,"skipped":0,"pct":100},"statements":{"total":7,"covered":7,"skipped":0,"pct":100},"branches":{"total":0,"covered":0,"skipped":0,"pct":100}}
,"L:\\npm dev Packages\\src\\core\\model\\CoreModelValidationEvents.ts": {"lines":{"total":25,"covered":25,"skipped":0,"pct":100},"functions":{"total":5,"covered":5,"skipped":0,"pct":100},"statements":{"total":28,"covered":28,"skipped":0,"pct":100},"branches":{"total":20,"covered":20,"skipped":0,"pct":100}}
,"L:\\npm dev Packages\\src\\core\\model\\SafeFinder.ts": {"lines":{"total":132,"covered":132,"skipped":0,"pct":100},"functions":{"total":24,"covered":24,"skipped":0,"pct":100},"statements":{"total":135,"covered":135,"skipped":0,"pct":100},"branches":{"total":87,"covered":87,"skipped":0,"pct":100}}
,"L:\\npm dev Packages\\src\\core\\orm\\Relation.ts": {"lines":{"total":28,"covered":28,"skipped":0,"pct":100},"functions":{"total":8,"covered":8,"skipped":0,"pct":100},"statements":{"total":31,"covered":31,"skipped":0,"pct":100},"branches":{"total":24,"covered":24,"skipped":0,"pct":100}}
,"L:\\npm dev Packages\\src\\core\\orm\\mixins\\CastsMixin.ts": {"lines":{"total":53,"covered":53,"skipped":0,"pct":100},"functions":{"total":10,"covered":10,"skipped":0,"pct":100},"statements":{"total":58,"covered":58,"skipped":0,"pct":100},"branches":{"total":38,"covered":38,"skipped":0,"pct":100}}
,"L:\\npm dev Packages\\src\\core\\orm\\mixins\\EagerLoadingMixin.ts": {"lines":{"total":74,"covered":74,"skipped":0,"pct":100},"functions":{"total":13,"covered":13,"skipped":0,"pct":100},"statements":{"total":81,"covered":81,"skipped":0,"pct":100},"branches":{"total":50,"covered":50,"skipped":0,"pct":100}}
,"L:\\npm dev Packages\\src\\core\\orm\\mixins\\HooksMixin.ts": {"lines":{"total":52,"covered":52,"skipped":0,"pct":100},"functions":{"total":10,"covered":10,"skipped":0,"pct":100},"statements":{"total":53,"covered":53,"skipped":0,"pct":100},"branches":{"total":23,"covered":23,"skipped":0,"pct":100}}
,"L:\\npm dev Packages\\src\\core\\orm\\mixins\\MorphRegistry.ts": {"lines":{"total":16,"covered":16,"skipped":0,"pct":100},"functions":{"total":7,"covered":7,"skipped":0,"pct":100},"statements":{"total":18,"covered":18,"skipped":0,"pct":100},"branches":{"total":6,"covered":6,"skipped":0,"pct":100}}
,"L:\\npm dev Packages\\src\\core\\orm\\mixins\\MorphableMixin.ts": {"lines":{"total":40,"covered":40,"skipped":0,"pct":100},"functions":{"total":10,"covered":10,"skipped":0,"pct":100},"statements":{"total":41,"covered":41,"skipped":0,"pct":100},"branches":{"total":24,"covered":24,"skipped":0,"pct":100}}
,"L:\\npm dev Packages\\src\\core\\orm\\mixins\\PivotHelperMixin.ts": {"lines":{"total":46,"covered":46,"skipped":0,"pct":100},"functions":{"total":8,"covered":8,"skipped":0,"pct":100},"statements":{"total":50,"covered":50,"skipped":0,"pct":100},"branches":{"total":22,"covered":22,"skipped":0,"pct":100}}
,"L:\\npm dev Packages\\src\\core\\orm\\mixins\\QueryCacheMixin.ts": {"lines":{"total":76,"covered":76,"skipped":0,"pct":100},"functions":{"total":13,"covered":13,"skipped":0,"pct":100},"statements":{"total":83,"covered":83,"skipped":0,"pct":100},"branches":{"total":53,"covered":53,"skipped":0,"pct":100}}
,"L:\\npm dev Packages\\src\\core\\orm\\mixins\\ScopeMixin.ts": {"lines":{"total":28,"covered":28,"skipped":0,"pct":100},"functions":{"total":7,"covered":7,"skipped":0,"pct":100},"statements":{"total":30,"covered":30,"skipped":0,"pct":100},"branches":{"total":13,"covered":13,"skipped":0,"pct":100}}
,"L:\\npm dev Packages\\src\\core\\orm\\mixins\\SerializeMixin.ts": {"lines":{"total":26,"covered":26,"skipped":0,"pct":100},"functions":{"total":6,"covered":6,"skipped":0,"pct":100},"statements":{"total":30,"covered":30,"skipped":0,"pct":100},"branches":{"total":16,"covered":16,"skipped":0,"pct":100}}
,"L:\\npm dev Packages\\src\\core\\orm\\mixins\\SoftDeletesMixin.ts": {"lines":{"total":104,"covered":104,"skipped":0,"pct":100},"functions":{"total":15,"covered":15,"skipped":0,"pct":100},"statements":{"total":105,"covered":105,"skipped":0,"pct":100},"branches":{"total":96,"covered":96,"skipped":0,"pct":100}}
,"L:\\npm dev Packages\\src\\core\\orm\\mixins\\utils\\BaseMethodResolver.ts": {"lines":{"total":13,"covered":13,"skipped":0,"pct":100},"functions":{"total":2,"covered":2,"skipped":0,"pct":100},"statements":{"total":14,"covered":14,"skipped":0,"pct":100},"branches":{"total":6,"covered":6,"skipped":0,"pct":100}}
,"L:\\npm dev Packages\\src\\core\\orm\\mixins\\utils\\HookStore.ts": {"lines":{"total":24,"covered":24,"skipped":0,"pct":100},"functions":{"total":6,"covered":6,"skipped":0,"pct":100},"statements":{"total":27,"covered":27,"skipped":0,"pct":100},"branches":{"total":8,"covered":8,"skipped":0,"pct":100}}
,"L:\\npm dev Packages\\src\\core\\orm\\mixins\\utils\\ModelRegistry.ts": {"lines":{"total":35,"covered":35,"skipped":0,"pct":100},"functions":{"total":12,"covered":12,"skipped":0,"pct":100},"statements":{"total":38,"covered":38,"skipped":0,"pct":100},"branches":{"total":16,"covered":16,"skipped":0,"pct":100}}
,"L:\\npm dev Packages\\src\\core\\orm\\mixins\\utils\\modelRegistration.ts": {"lines":{"total":13,"covered":13,"skipped":0,"pct":100},"functions":{"total":4,"covered":4,"skipped":0,"pct":100},"statements":{"total":13,"covered":13,"skipped":0,"pct":100},"branches":{"total":5,"covered":5,"skipped":0,"pct":100}}
,"L:\\npm dev Packages\\src\\core\\orm\\relations\\BelongsTo.ts": {"lines":{"total":39,"covered":39,"skipped":0,"pct":100},"functions":{"total":3,"covered":3,"skipped":0,"pct":100},"statements":{"total":44,"covered":44,"skipped":0,"pct":100},"branches":{"total":16,"covered":16,"skipped":0,"pct":100}}
,"L:\\npm dev Packages\\src\\core\\orm\\relations\\BelongsToMany.ts": {"lines":{"total":154,"covered":154,"skipped":0,"pct":100},"functions":{"total":13,"covered":13,"skipped":0,"pct":100},"statements":{"total":173,"covered":173,"skipped":0,"pct":100},"branches":{"total":68,"covered":68,"skipped":0,"pct":100}}
,"L:\\npm dev Packages\\src\\core\\orm\\relations\\HasMany.ts": {"lines":{"total":43,"covered":43,"skipped":0,"pct":100},"functions":{"total":5,"covered":5,"skipped":0,"pct":100},"statements":{"total":51,"covered":51,"skipped":0,"pct":100},"branches":{"total":18,"covered":18,"skipped":0,"pct":100}}
,"L:\\npm dev Packages\\src\\core\\orm\\relations\\HasOne.ts": {"lines":{"total":41,"covered":41,"skipped":0,"pct":100},"functions":{"total":5,"covered":5,"skipped":0,"pct":100},"statements":{"total":48,"covered":48,"skipped":0,"pct":100},"branches":{"total":16,"covered":16,"skipped":0,"pct":100}}
,"L:\\npm dev Packages\\src\\core\\orm\\relations\\MorphMany.ts": {"lines":{"total":51,"covered":51,"skipped":0,"pct":100},"functions":{"total":6,"covered":6,"skipped":0,"pct":100},"statements":{"total":59,"covered":59,"skipped":0,"pct":100},"branches":{"total":22,"covered":22,"skipped":0,"pct":100}}
,"L:\\npm dev Packages\\src\\core\\orm\\relations\\MorphOne.ts": {"lines":{"total":49,"covered":49,"skipped":0,"pct":100},"functions":{"total":6,"covered":6,"skipped":0,"pct":100},"statements":{"total":56,"covered":56,"skipped":0,"pct":100},"branches":{"total":20,"covered":20,"skipped":0,"pct":100}}
,"L:\\npm dev Packages\\src\\core\\orm\\relations\\MorphTo.ts": {"lines":{"total":48,"covered":48,"skipped":0,"pct":100},"functions":{"total":4,"covered":4,"skipped":0,"pct":100},"statements":{"total":53,"covered":53,"skipped":0,"pct":100},"branches":{"total":16,"covered":16,"skipped":0,"pct":100}}
,"L:\\npm dev Packages\\src\\core\\schema\\SQLDialect.ts": {"lines":{"total":10,"covered":10,"skipped":0,"pct":100},"functions":{"total":4,"covered":4,"skipped":0,"pct":100},"statements":{"total":10,"covered":10,"skipped":0,"pct":100},"branches":{"total":4,"covered":4,"skipped":0,"pct":100}}
,"L:\\npm dev Packages\\src\\core\\schema\\SchemaBlueprint.ts": {"lines":{"total":28,"covered":28,"skipped":0,"pct":100},"functions":{"total":5,"covered":5,"skipped":0,"pct":100},"statements":{"total":28,"covered":28,"skipped":0,"pct":100},"branches":{"total":33,"covered":33,"skipped":0,"pct":100}}
,"L:\\npm dev Packages\\src\\core\\schema\\SchemaBuilder.ts": {"lines":{"total":395,"covered":395,"skipped":0,"pct":100},"functions":{"total":65,"covered":65,"skipped":0,"pct":100},"statements":{"total":429,"covered":429,"skipped":0,"pct":100},"branches":{"total":302,"covered":302,"skipped":0,"pct":100}}
,"L:\\npm dev Packages\\src\\core\\schema\\SchemaValidator.ts": {"lines":{"total":41,"covered":41,"skipped":0,"pct":100},"functions":{"total":1,"covered":1,"skipped":0,"pct":100},"statements":{"total":43,"covered":43,"skipped":0,"pct":100},"branches":{"total":63,"covered":63,"skipped":0,"pct":100}}
,"L:\\npm dev Packages\\src\\core\\security\\AbstractSecurity.ts": {"lines":{"total":22,"covered":22,"skipped":0,"pct":100},"functions":{"total":5,"covered":5,"skipped":0,"pct":100},"statements":{"total":22,"covered":22,"skipped":0,"pct":100},"branches":{"total":5,"covered":5,"skipped":0,"pct":100}}
,"L:\\npm dev Packages\\src\\core\\security\\EnvKeySecurity.ts": {"lines":{"total":20,"covered":20,"skipped":0,"pct":100},"functions":{"total":4,"covered":4,"skipped":0,"pct":100},"statements":{"total":22,"covered":22,"skipped":0,"pct":100},"branches":{"total":8,"covered":8,"skipped":0,"pct":100}}
,"L:\\npm dev Packages\\src\\core\\security\\NoSecurity.ts": {"lines":{"total":4,"covered":4,"skipped":0,"pct":100},"functions":{"total":2,"covered":2,"skipped":0,"pct":100},"statements":{"total":4,"covered":4,"skipped":0,"pct":100},"branches":{"total":0,"covered":0,"skipped":0,"pct":100}}
,"L:\\npm dev Packages\\src\\core\\security\\SecretRedactor.ts": {"lines":{"total":34,"covered":34,"skipped":0,"pct":100},"functions":{"total":10,"covered":10,"skipped":0,"pct":100},"statements":{"total":37,"covered":37,"skipped":0,"pct":100},"branches":{"total":16,"covered":16,"skipped":0,"pct":100}}
,"L:\\npm dev Packages\\src\\core\\security\\SecurityFactory.ts": {"lines":{"total":10,"covered":10,"skipped":0,"pct":100},"functions":{"total":1,"covered":1,"skipped":0,"pct":100},"statements":{"total":10,"covered":10,"skipped":0,"pct":100},"branches":{"total":5,"covered":5,"skipped":0,"pct":100}}
,"L:\\npm dev Packages\\src\\core\\security\\index.ts": {"lines":{"total":5,"covered":5,"skipped":0,"pct":100},"functions":{"total":0,"covered":0,"skipped":0,"pct":100},"statements":{"total":5,"covered":5,"skipped":0,"pct":100},"branches":{"total":0,"covered":0,"skipped":0,"pct":100}}
}
