{"L:\\npm dev Packages\\src\\core\\orm\\relations\\BelongsToMany.ts": {"path":"L:\\npm dev Packages\\src\\core\\orm\\relations\\BelongsToMany.ts","statementMap":{"0":{"start":{"line":1,"column":0},"end":{"line":1,"column":60}},"1":{"start":{"line":18,"column":4},"end":{"line":18,"column":57}},"2":{"start":{"line":19,"column":4},"end":{"line":19,"column":33}},"3":{"start":{"line":20,"column":4},"end":{"line":20,"column":43}},"4":{"start":{"line":21,"column":4},"end":{"line":21,"column":43}},"5":{"start":{"line":22,"column":4},"end":{"line":22,"column":43}},"6":{"start":{"line":26,"column":25},"end":{"line":26,"column":42}},"7":{"start":{"line":27,"column":4},"end":{"line":27,"column":72}},"8":{"start":{"line":27,"column":23},"end":{"line":27,"column":72}},"9":{"start":{"line":28,"column":28},"end":{"line":28,"column":46}},"10":{"start":{"line":29,"column":15},"end":{"line":29,"column":44}},"11":{"start":{"line":30,"column":25},"end":{"line":30,"column":77}},"12":{"start":{"line":32,"column":4},"end":{"line":62,"column":5}},"13":{"start":{"line":33,"column":6},"end":{"line":33,"column":47}},"14":{"start":{"line":33,"column":37},"end":{"line":33,"column":47}},"15":{"start":{"line":35,"column":24},"end":{"line":38,"column":18}},"16":{"start":{"line":39,"column":25},"end":{"line":42,"column":null}},"17":{"start":{"line":41,"column":37},"end":{"line":41,"column":93}},"18":{"start":{"line":44,"column":6},"end":{"line":44,"column":45}},"19":{"start":{"line":44,"column":35},"end":{"line":44,"column":45}},"20":{"start":{"line":46,"column":26},"end":{"line":49,"column":18}},"21":{"start":{"line":51,"column":25},"end":{"line":51,"column":67}},"22":{"start":{"line":52,"column":6},"end":{"line":56,"column":7}},"23":{"start":{"line":53,"column":8},"end":{"line":55,"column":9}},"24":{"start":{"line":54,"column":10},"end":{"line":54,"column":45}},"25":{"start":{"line":58,"column":22},"end":{"line":60,"column":63}},"26":{"start":{"line":59,"column":21},"end":{"line":59,"column":47}},"27":{"start":{"line":60,"column":57},"end":{"line":60,"column":62}},"28":{"start":{"line":61,"column":6},"end":{"line":61,"column":47}},"29":{"start":{"line":64,"column":20},"end":{"line":64,"column":39}},"30":{"start":{"line":65,"column":25},"end":{"line":65,"column":66}},"31":{"start":{"line":66,"column":23},"end":{"line":66,"column":54}},"32":{"start":{"line":67,"column":17},"end":{"line":67,"column":38}},"33":{"start":{"line":68,"column":16},"end":{"line":68,"column":59}},"34":{"start":{"line":69,"column":21},"end":{"line":69,"column":64}},"35":{"start":{"line":70,"column":21},"end":{"line":70,"column":64}},"36":{"start":{"line":72,"column":16},"end":{"line":76,"column":52}},"37":{"start":{"line":77,"column":17},"end":{"line":77,"column":91}},"38":{"start":{"line":78,"column":4},"end":{"line":78,"column":42}},"39":{"start":{"line":82,"column":4},"end":{"line":82,"column":32}},"40":{"start":{"line":82,"column":25},"end":{"line":82,"column":32}},"41":{"start":{"line":83,"column":22},"end":{"line":83,"column":93}},"42":{"start":{"line":83,"column":45},"end":{"line":83,"column":92}},"43":{"start":{"line":84,"column":25},"end":{"line":84,"column":42}},"44":{"start":{"line":85,"column":4},"end":{"line":85,"column":72}},"45":{"start":{"line":85,"column":23},"end":{"line":85,"column":72}},"46":{"start":{"line":86,"column":28},"end":{"line":86,"column":46}},"47":{"start":{"line":87,"column":15},"end":{"line":87,"column":44}},"48":{"start":{"line":88,"column":4},"end":{"line":144,"column":5}},"49":{"start":{"line":89,"column":24},"end":{"line":92,"column":18}},"50":{"start":{"line":94,"column":53},"end":{"line":94,"column":55}},"51":{"start":{"line":95,"column":6},"end":{"line":101,"column":7}},"52":{"start":{"line":96,"column":26},"end":{"line":96,"column":51}},"53":{"start":{"line":97,"column":8},"end":{"line":97,"column":46}},"54":{"start":{"line":97,"column":37},"end":{"line":97,"column":46}},"55":{"start":{"line":98,"column":20},"end":{"line":98,"column":37}},"56":{"start":{"line":99,"column":8},"end":{"line":99,"column":53}},"57":{"start":{"line":99,"column":31},"end":{"line":99,"column":53}},"58":{"start":{"line":100,"column":8},"end":{"line":100,"column":57}},"59":{"start":{"line":103,"column":25},"end":{"line":104,"column":null}},"60":{"start":{"line":104,"column":43},"end":{"line":104,"column":99}},"61":{"start":{"line":108,"column":8},"end":{"line":113,"column":24}},"62":{"start":{"line":115,"column":25},"end":{"line":115,"column":67}},"63":{"start":{"line":116,"column":6},"end":{"line":120,"column":7}},"64":{"start":{"line":117,"column":8},"end":{"line":119,"column":9}},"65":{"start":{"line":118,"column":10},"end":{"line":118,"column":45}},"66":{"start":{"line":122,"column":22},"end":{"line":122,"column":45}},"67":{"start":{"line":123,"column":6},"end":{"line":142,"column":7}},"68":{"start":{"line":124,"column":21},"end":{"line":124,"column":103}},"69":{"start":{"line":124,"column":89},"end":{"line":124,"column":102}},"70":{"start":{"line":125,"column":21},"end":{"line":125,"column":38}},"71":{"start":{"line":126,"column":51},"end":{"line":126,"column":53}},"72":{"start":{"line":128,"column":8},"end":{"line":139,"column":9}},"73":{"start":{"line":129,"column":10},"end":{"line":138,"column":11}},"74":{"start":{"line":130,"column":26},"end":{"line":130,"column":43}},"75":{"start":{"line":131,"column":12},"end":{"line":131,"column":42}},"76":{"start":{"line":131,"column":33},"end":{"line":131,"column":42}},"77":{"start":{"line":132,"column":24},"end":{"line":132,"column":45}},"78":{"start":{"line":133,"column":12},"end":{"line":133,"column":31}},"79":{"start":{"line":133,"column":22},"end":{"line":133,"column":31}},"80":{"start":{"line":134,"column":12},"end":{"line":134,"column":28}},"81":{"start":{"line":135,"column":29},"end":{"line":135,"column":57}},"82":{"start":{"line":136,"column":12},"end":{"line":136,"column":36}},"83":{"start":{"line":136,"column":27},"end":{"line":136,"column":36}},"84":{"start":{"line":137,"column":12},"end":{"line":137,"column":73}},"85":{"start":{"line":141,"column":9},"end":{"line":141,"column":63}},"86":{"start":{"line":143,"column":6},"end":{"line":143,"column":13}},"87":{"start":{"line":146,"column":20},"end":{"line":146,"column":39}},"88":{"start":{"line":147,"column":25},"end":{"line":147,"column":66}},"89":{"start":{"line":148,"column":23},"end":{"line":148,"column":54}},"90":{"start":{"line":149,"column":17},"end":{"line":149,"column":38}},"91":{"start":{"line":150,"column":16},"end":{"line":150,"column":59}},"92":{"start":{"line":151,"column":21},"end":{"line":151,"column":64}},"93":{"start":{"line":152,"column":21},"end":{"line":152,"column":64}},"94":{"start":{"line":153,"column":21},"end":{"line":153,"column":61}},"95":{"start":{"line":155,"column":16},"end":{"line":160,"column":28}},"96":{"start":{"line":161,"column":17},"end":{"line":161,"column":83}},"97":{"start":{"line":163,"column":63},"end":{"line":163,"column":65}},"98":{"start":{"line":164,"column":4},"end":{"line":174,"column":5}},"99":{"start":{"line":165,"column":23},"end":{"line":165,"column":51}},"100":{"start":{"line":166,"column":6},"end":{"line":166,"column":30}},"101":{"start":{"line":166,"column":21},"end":{"line":166,"column":30}},"102":{"start":{"line":167,"column":21},"end":{"line":167,"column":67}},"103":{"start":{"line":168,"column":19},"end":{"line":168,"column":58}},"104":{"start":{"line":169,"column":6},"end":{"line":171,"column":7}},"105":{"start":{"line":170,"column":8},"end":{"line":170,"column":38}},"106":{"start":{"line":172,"column":6},"end":{"line":172,"column":43}},"107":{"start":{"line":172,"column":25},"end":{"line":172,"column":43}},"108":{"start":{"line":173,"column":6},"end":{"line":173,"column":32}},"109":{"start":{"line":176,"column":20},"end":{"line":176,"column":43}},"110":{"start":{"line":177,"column":4},"end":{"line":179,"column":5}},"111":{"start":{"line":178,"column":7},"end":{"line":178,"column":100}},"112":{"start":{"line":183,"column":25},"end":{"line":183,"column":42}},"113":{"start":{"line":184,"column":4},"end":{"line":184,"column":72}},"114":{"start":{"line":184,"column":23},"end":{"line":184,"column":72}},"115":{"start":{"line":185,"column":15},"end":{"line":185,"column":47}},"116":{"start":{"line":186,"column":4},"end":{"line":205,"column":5}},"117":{"start":{"line":187,"column":25},"end":{"line":187,"column":55}},"118":{"start":{"line":188,"column":6},"end":{"line":194,"column":7}},"119":{"start":{"line":189,"column":8},"end":{"line":192,"column":11}},"120":{"start":{"line":193,"column":8},"end":{"line":193,"column":15}},"121":{"start":{"line":195,"column":6},"end":{"line":203,"column":7}},"122":{"start":{"line":196,"column":8},"end":{"line":201,"column":11}},"123":{"start":{"line":202,"column":8},"end":{"line":202,"column":15}},"124":{"start":{"line":204,"column":6},"end":{"line":204,"column":86}},"125":{"start":{"line":206,"column":20},"end":{"line":206,"column":39}},"126":{"start":{"line":207,"column":18},"end":{"line":207,"column":49}},"127":{"start":{"line":208,"column":15},"end":{"line":208,"column":51}},"128":{"start":{"line":209,"column":15},"end":{"line":209,"column":51}},"129":{"start":{"line":211,"column":16},"end":{"line":211,"column":89}},"130":{"start":{"line":212,"column":4},"end":{"line":212,"column":54}},"131":{"start":{"line":216,"column":25},"end":{"line":216,"column":42}},"132":{"start":{"line":217,"column":4},"end":{"line":217,"column":72}},"133":{"start":{"line":217,"column":23},"end":{"line":217,"column":72}},"134":{"start":{"line":218,"column":15},"end":{"line":218,"column":47}},"135":{"start":{"line":219,"column":4},"end":{"line":229,"column":5}},"136":{"start":{"line":220,"column":25},"end":{"line":220,"column":55}},"137":{"start":{"line":221,"column":6},"end":{"line":223,"column":7}},"138":{"start":{"line":222,"column":8},"end":{"line":222,"column":88}},"139":{"start":{"line":224,"column":6},"end":{"line":227,"column":9}},"140":{"start":{"line":228,"column":6},"end":{"line":228,"column":13}},"141":{"start":{"line":230,"column":20},"end":{"line":230,"column":39}},"142":{"start":{"line":231,"column":18},"end":{"line":231,"column":49}},"143":{"start":{"line":232,"column":15},"end":{"line":232,"column":51}},"144":{"start":{"line":233,"column":15},"end":{"line":233,"column":51}},"145":{"start":{"line":235,"column":16},"end":{"line":237,"column":45}},"146":{"start":{"line":238,"column":4},"end":{"line":238,"column":54}},"147":{"start":{"line":242,"column":25},"end":{"line":242,"column":42}},"148":{"start":{"line":243,"column":4},"end":{"line":243,"column":72}},"149":{"start":{"line":243,"column":23},"end":{"line":243,"column":72}},"150":{"start":{"line":244,"column":15},"end":{"line":244,"column":47}},"151":{"start":{"line":245,"column":4},"end":{"line":265,"column":5}},"152":{"start":{"line":246,"column":25},"end":{"line":246,"column":55}},"153":{"start":{"line":247,"column":6},"end":{"line":249,"column":7}},"154":{"start":{"line":248,"column":8},"end":{"line":248,"column":88}},"155":{"start":{"line":250,"column":6},"end":{"line":250,"column":72}},"156":{"start":{"line":251,"column":6},"end":{"line":251,"column":42}},"157":{"start":{"line":251,"column":35},"end":{"line":251,"column":42}},"158":{"start":{"line":252,"column":6},"end":{"line":260,"column":7}},"159":{"start":{"line":253,"column":8},"end":{"line":258,"column":10}},"160":{"start":{"line":254,"column":34},"end":{"line":257,"column":12}},"161":{"start":{"line":259,"column":8},"end":{"line":259,"column":15}},"162":{"start":{"line":261,"column":6},"end":{"line":263,"column":7}},"163":{"start":{"line":262,"column":8},"end":{"line":262,"column":40}},"164":{"start":{"line":264,"column":6},"end":{"line":264,"column":13}},"165":{"start":{"line":266,"column":20},"end":{"line":266,"column":39}},"166":{"start":{"line":267,"column":18},"end":{"line":267,"column":49}},"167":{"start":{"line":268,"column":15},"end":{"line":268,"column":51}},"168":{"start":{"line":269,"column":16},"end":{"line":269,"column":78}},"169":{"start":{"line":270,"column":4},"end":{"line":270,"column":43}},"170":{"start":{"line":271,"column":4},"end":{"line":271,"column":65}},"171":{"start":{"line":271,"column":33},"end":{"line":271,"column":65}},"172":{"start":{"line":4,"column":0},"end":{"line":4,"column":13}}},"fnMap":{"0":{"name":"(anonymous_0)","decl":{"start":{"line":10,"column":2},"end":{"line":10,"column":null}},"loc":{"start":{"line":16,"column":34},"end":{"line":23,"column":3}}},"1":{"name":"(anonymous_1)","decl":{"start":{"line":25,"column":2},"end":{"line":25,"column":7}},"loc":{"start":{"line":25,"column":50},"end":{"line":79,"column":3}}},"2":{"name":"(anonymous_2)","decl":{"start":{"line":41,"column":28},"end":{"line":41,"column":29}},"loc":{"start":{"line":41,"column":37},"end":{"line":41,"column":93}}},"3":{"name":"(anonymous_3)","decl":{"start":{"line":59,"column":13},"end":{"line":59,"column":14}},"loc":{"start":{"line":59,"column":21},"end":{"line":59,"column":47}}},"4":{"name":"(anonymous_4)","decl":{"start":{"line":60,"column":16},"end":{"line":60,"column":17}},"loc":{"start":{"line":60,"column":57},"end":{"line":60,"column":62}}},"5":{"name":"(anonymous_5)","decl":{"start":{"line":81,"column":2},"end":{"line":81,"column":7}},"loc":{"start":{"line":81,"column":48},"end":{"line":180,"column":3}}},"6":{"name":"(anonymous_6)","decl":{"start":{"line":83,"column":38},"end":{"line":83,"column":39}},"loc":{"start":{"line":83,"column":45},"end":{"line":83,"column":92}}},"7":{"name":"(anonymous_7)","decl":{"start":{"line":104,"column":34},"end":{"line":104,"column":35}},"loc":{"start":{"line":104,"column":43},"end":{"line":104,"column":99}}},"8":{"name":"(anonymous_8)","decl":{"start":{"line":124,"column":78},"end":{"line":124,"column":79}},"loc":{"start":{"line":124,"column":89},"end":{"line":124,"column":102}}},"9":{"name":"(anonymous_9)","decl":{"start":{"line":182,"column":2},"end":{"line":182,"column":7}},"loc":{"start":{"line":182,"column":52},"end":{"line":213,"column":3}}},"10":{"name":"(anonymous_10)","decl":{"start":{"line":215,"column":2},"end":{"line":215,"column":7}},"loc":{"start":{"line":215,"column":52},"end":{"line":239,"column":3}}},"11":{"name":"(anonymous_11)","decl":{"start":{"line":241,"column":2},"end":{"line":241,"column":7}},"loc":{"start":{"line":241,"column":53},"end":{"line":272,"column":3}}},"12":{"name":"(anonymous_12)","decl":{"start":{"line":254,"column":25},"end":{"line":254,"column":26}},"loc":{"start":{"line":254,"column":34},"end":{"line":257,"column":12}}}},"branchMap":{"0":{"loc":{"start":{"line":15,"column":4},"end":{"line":15,"column":33}},"type":"default-arg","locations":[{"start":{"line":15,"column":29},"end":{"line":15,"column":33}}]},"1":{"loc":{"start":{"line":16,"column":4},"end":{"line":16,"column":34}},"type":"default-arg","locations":[{"start":{"line":16,"column":30},"end":{"line":16,"column":34}}]},"2":{"loc":{"start":{"line":27,"column":4},"end":{"line":27,"column":72}},"type":"if","locations":[{"start":{"line":27,"column":4},"end":{"line":27,"column":72}},{"start":{},"end":{}}]},"3":{"loc":{"start":{"line":32,"column":4},"end":{"line":62,"column":5}},"type":"if","locations":[{"start":{"line":32,"column":4},"end":{"line":62,"column":5}},{"start":{},"end":{}}]},"4":{"loc":{"start":{"line":33,"column":6},"end":{"line":33,"column":47}},"type":"if","locations":[{"start":{"line":33,"column":6},"end":{"line":33,"column":47}},{"start":{},"end":{}}]},"5":{"loc":{"start":{"line":44,"column":6},"end":{"line":44,"column":45}},"type":"if","locations":[{"start":{"line":44,"column":6},"end":{"line":44,"column":45}},{"start":{},"end":{}}]},"6":{"loc":{"start":{"line":82,"column":4},"end":{"line":82,"column":32}},"type":"if","locations":[{"start":{"line":82,"column":4},"end":{"line":82,"column":32}},{"start":{},"end":{}}]},"7":{"loc":{"start":{"line":85,"column":4},"end":{"line":85,"column":72}},"type":"if","locations":[{"start":{"line":85,"column":4},"end":{"line":85,"column":72}},{"start":{},"end":{}}]},"8":{"loc":{"start":{"line":88,"column":4},"end":{"line":144,"column":5}},"type":"if","locations":[{"start":{"line":88,"column":4},"end":{"line":144,"column":5}},{"start":{},"end":{}}]},"9":{"loc":{"start":{"line":97,"column":8},"end":{"line":97,"column":46}},"type":"if","locations":[{"start":{"line":97,"column":8},"end":{"line":97,"column":46}},{"start":{},"end":{}}]},"10":{"loc":{"start":{"line":99,"column":8},"end":{"line":99,"column":53}},"type":"if","locations":[{"start":{"line":99,"column":8},"end":{"line":99,"column":53}},{"start":{},"end":{}}]},"11":{"loc":{"start":{"line":108,"column":8},"end":{"line":113,"column":24}},"type":"cond-expr","locations":[{"start":{"line":109,"column":12},"end":{"line":109,"column":14}},{"start":{"line":110,"column":12},"end":{"line":113,"column":24}}]},"12":{"loc":{"start":{"line":122,"column":22},"end":{"line":122,"column":45}},"type":"binary-expr","locations":[{"start":{"line":122,"column":22},"end":{"line":122,"column":31}},{"start":{"line":122,"column":35},"end":{"line":122,"column":45}}]},"13":{"loc":{"start":{"line":129,"column":34},"end":{"line":129,"column":56}},"type":"binary-expr","locations":[{"start":{"line":129,"column":34},"end":{"line":129,"column":50}},{"start":{"line":129,"column":54},"end":{"line":129,"column":56}}]},"14":{"loc":{"start":{"line":131,"column":12},"end":{"line":131,"column":42}},"type":"if","locations":[{"start":{"line":131,"column":12},"end":{"line":131,"column":42}},{"start":{},"end":{}}]},"15":{"loc":{"start":{"line":133,"column":12},"end":{"line":133,"column":31}},"type":"if","locations":[{"start":{"line":133,"column":12},"end":{"line":133,"column":31}},{"start":{},"end":{}}]},"16":{"loc":{"start":{"line":136,"column":12},"end":{"line":136,"column":36}},"type":"if","locations":[{"start":{"line":136,"column":12},"end":{"line":136,"column":36}},{"start":{},"end":{}}]},"17":{"loc":{"start":{"line":166,"column":6},"end":{"line":166,"column":30}},"type":"if","locations":[{"start":{"line":166,"column":6},"end":{"line":166,"column":30}},{"start":{},"end":{}}]},"18":{"loc":{"start":{"line":168,"column":19},"end":{"line":168,"column":58}},"type":"binary-expr","locations":[{"start":{"line":168,"column":19},"end":{"line":168,"column":52}},{"start":{"line":168,"column":56},"end":{"line":168,"column":58}}]},"19":{"loc":{"start":{"line":169,"column":6},"end":{"line":171,"column":7}},"type":"if","locations":[{"start":{"line":169,"column":6},"end":{"line":171,"column":7}},{"start":{},"end":{}}]},"20":{"loc":{"start":{"line":172,"column":6},"end":{"line":172,"column":43}},"type":"if","locations":[{"start":{"line":172,"column":6},"end":{"line":172,"column":43}},{"start":{},"end":{}}]},"21":{"loc":{"start":{"line":176,"column":20},"end":{"line":176,"column":43}},"type":"binary-expr","locations":[{"start":{"line":176,"column":20},"end":{"line":176,"column":29}},{"start":{"line":176,"column":33},"end":{"line":176,"column":43}}]},"22":{"loc":{"start":{"line":178,"column":53},"end":{"line":178,"column":99}},"type":"binary-expr","locations":[{"start":{"line":178,"column":53},"end":{"line":178,"column":93}},{"start":{"line":178,"column":97},"end":{"line":178,"column":99}}]},"23":{"loc":{"start":{"line":184,"column":4},"end":{"line":184,"column":72}},"type":"if","locations":[{"start":{"line":184,"column":4},"end":{"line":184,"column":72}},{"start":{},"end":{}}]},"24":{"loc":{"start":{"line":186,"column":4},"end":{"line":205,"column":5}},"type":"if","locations":[{"start":{"line":186,"column":4},"end":{"line":205,"column":5}},{"start":{},"end":{}}]},"25":{"loc":{"start":{"line":188,"column":6},"end":{"line":194,"column":7}},"type":"if","locations":[{"start":{"line":188,"column":6},"end":{"line":194,"column":7}},{"start":{},"end":{}}]},"26":{"loc":{"start":{"line":195,"column":6},"end":{"line":203,"column":7}},"type":"if","locations":[{"start":{"line":195,"column":6},"end":{"line":203,"column":7}},{"start":{},"end":{}}]},"27":{"loc":{"start":{"line":217,"column":4},"end":{"line":217,"column":72}},"type":"if","locations":[{"start":{"line":217,"column":4},"end":{"line":217,"column":72}},{"start":{},"end":{}}]},"28":{"loc":{"start":{"line":219,"column":4},"end":{"line":229,"column":5}},"type":"if","locations":[{"start":{"line":219,"column":4},"end":{"line":229,"column":5}},{"start":{},"end":{}}]},"29":{"loc":{"start":{"line":221,"column":6},"end":{"line":223,"column":7}},"type":"if","locations":[{"start":{"line":221,"column":6},"end":{"line":223,"column":7}},{"start":{},"end":{}}]},"30":{"loc":{"start":{"line":243,"column":4},"end":{"line":243,"column":72}},"type":"if","locations":[{"start":{"line":243,"column":4},"end":{"line":243,"column":72}},{"start":{},"end":{}}]},"31":{"loc":{"start":{"line":245,"column":4},"end":{"line":265,"column":5}},"type":"if","locations":[{"start":{"line":245,"column":4},"end":{"line":265,"column":5}},{"start":{},"end":{}}]},"32":{"loc":{"start":{"line":247,"column":6},"end":{"line":249,"column":7}},"type":"if","locations":[{"start":{"line":247,"column":6},"end":{"line":249,"column":7}},{"start":{},"end":{}}]},"33":{"loc":{"start":{"line":251,"column":6},"end":{"line":251,"column":42}},"type":"if","locations":[{"start":{"line":251,"column":6},"end":{"line":251,"column":42}},{"start":{},"end":{}}]},"34":{"loc":{"start":{"line":252,"column":6},"end":{"line":260,"column":7}},"type":"if","locations":[{"start":{"line":252,"column":6},"end":{"line":260,"column":7}},{"start":{},"end":{}}]}},"s":{"0":4,"1":7,"2":7,"3":7,"4":7,"5":7,"6":3,"7":3,"8":1,"9":2,"10":2,"11":2,"12":2,"13":1,"14":0,"15":1,"16":1,"17":2,"18":1,"19":0,"20":1,"21":1,"22":1,"23":2,"24":2,"25":1,"26":2,"27":2,"28":1,"29":1,"30":1,"31":1,"32":1,"33":1,"34":1,"35":1,"36":1,"37":1,"38":1,"39":5,"40":1,"41":4,"42":7,"43":4,"44":4,"45":1,"46":3,"47":3,"48":3,"49":1,"50":1,"51":1,"52":2,"53":2,"54":0,"55":2,"56":2,"57":1,"58":2,"59":1,"60":2,"61":1,"62":1,"63":1,"64":2,"65":2,"66":1,"67":1,"68":1,"69":1,"70":1,"71":1,"72":1,"73":1,"74":2,"75":2,"76":0,"77":2,"78":2,"79":0,"80":2,"81":2,"82":2,"83":0,"84":2,"85":1,"86":1,"87":2,"88":2,"89":2,"90":2,"91":2,"92":2,"93":2,"94":2,"95":2,"96":2,"97":2,"98":2,"99":6,"100":6,"101":1,"102":5,"103":5,"104":5,"105":4,"106":5,"107":4,"108":5,"109":2,"110":2,"111":5,"112":6,"113":6,"114":1,"115":5,"116":5,"117":1,"118":1,"119":1,"120":1,"121":0,"122":0,"123":0,"124":0,"125":4,"126":4,"127":3,"128":3,"129":3,"130":3,"131":3,"132":3,"133":1,"134":2,"135":2,"136":1,"137":1,"138":0,"139":1,"140":1,"141":1,"142":1,"143":1,"144":1,"145":1,"146":1,"147":3,"148":3,"149":1,"150":2,"151":2,"152":1,"153":1,"154":0,"155":1,"156":1,"157":0,"158":1,"159":1,"160":2,"161":1,"162":0,"163":0,"164":0,"165":1,"166":1,"167":1,"168":1,"169":1,"170":1,"171":2,"172":4},"f":{"0":7,"1":3,"2":2,"3":2,"4":2,"5":5,"6":7,"7":2,"8":1,"9":6,"10":3,"11":3,"12":2},"b":{"0":[7],"1":[7],"2":[1,2],"3":[1,1],"4":[0,1],"5":[0,1],"6":[1,4],"7":[1,3],"8":[1,2],"9":[0,2],"10":[1,1],"11":[0,1],"12":[1,0],"13":[1,0],"14":[0,2],"15":[0,2],"16":[0,2],"17":[1,5],"18":[5,1],"19":[4,1],"20":[4,1],"21":[2,1],"22":[5,2],"23":[1,5],"24":[1,4],"25":[1,0],"26":[0,0],"27":[1,2],"28":[1,1],"29":[0,1],"30":[1,2],"31":[1,1],"32":[0,1],"33":[0,1],"34":[1,0]}}
}
