TN:
SF:src\cli\commands\makeModel.ts
FN:34,pascalCase
FN:38,pluralize
FN:42,defaultAttrsTypeBody
FN:51,columnBaseType
FN:74,addNullable
FN:79,isOptional
FN:85,buildAttrsTypeBody
FN:92,(anonymous_8)
FN:130,hasSoftDeletesSchema
FN:141,normalizedSchemaForMigration
FN:159,makeModel
FN:312,(anonymous_12)
FN:322,(anonymous_13)
FN:331,(anonymous_14)
FN:335,(anonymous_15)
FN:337,(anonymous_16)
FN:345,(anonymous_17)
FN:349,(anonymous_18)
FNF:18
FNH:13
FNDA:14,pascalCase
FNDA:14,pluralize
FNDA:13,defaultAttrsTypeBody
FNDA:0,columnBaseType
FNDA:0,addNullable
FNDA:0,isOptional
FNDA:1,buildAttrsTypeBody
FNDA:3,(anonymous_8)
FNDA:2,hasSoftDeletesSchema
FNDA:6,normalizedSchemaForMigration
FNDA:14,makeModel
FNDA:1,(anonymous_12)
FNDA:1,(anonymous_13)
FNDA:9,(anonymous_14)
FNDA:0,(anonymous_15)
FNDA:1,(anonymous_16)
FNDA:0,(anonymous_17)
FNDA:1,(anonymous_18)
DA:2,7
DA:3,7
DA:4,7
DA:5,7
DA:6,7
DA:7,7
DA:8,7
DA:9,7
DA:10,7
DA:11,7
DA:12,7
DA:13,7
DA:35,14
DA:39,14
DA:43,13
DA:52,0
DA:58,0
DA:62,0
DA:64,0
DA:66,0
DA:68,0
DA:70,0
DA:75,0
DA:76,0
DA:80,0
DA:81,0
DA:82,0
DA:89,1
DA:90,1
DA:92,1
DA:93,3
DA:94,3
DA:95,3
DA:98,1
DA:99,2
DA:100,2
DA:102,2
DA:103,1
DA:104,1
DA:105,1
DA:108,1
DA:109,1
DA:110,1
DA:113,0
DA:114,0
DA:115,0
DA:118,1
DA:119,0
DA:120,0
DA:123,1
DA:124,0
DA:127,1
DA:131,2
DA:132,4
DA:133,4
DA:134,4
DA:135,4
DA:138,2
DA:142,6
DA:143,6
DA:144,2
DA:146,6
DA:159,7
DA:160,14
DA:161,14
DA:162,14
DA:163,14
DA:164,14
DA:165,14
DA:166,14
DA:167,14
DA:169,14
DA:170,14
DA:171,14
DA:173,14
DA:174,14
DA:176,14
DA:177,14
DA:178,14
DA:181,14
DA:182,14
DA:183,14
DA:185,13
DA:193,13
DA:201,13
DA:203,13
DA:204,2
DA:206,11
DA:207,11
DA:208,11
DA:211,1
DA:212,1
DA:215,13
DA:216,4
DA:217,4
DA:218,1
DA:220,3
DA:221,3
DA:222,3
DA:223,2
DA:225,2
DA:226,1
DA:228,1
DA:233,1
DA:241,1
DA:249,1
DA:250,1
DA:254,1
DA:259,13
DA:260,5
DA:261,5
DA:262,5
DA:263,5
DA:267,8
DA:268,8
DA:269,1
DA:270,1
DA:273,7
DA:274,7
DA:275,7
DA:276,7
DA:278,7
DA:279,1
DA:280,1
DA:283,6
DA:284,6
DA:285,6
DA:286,2
DA:288,6
DA:289,6
DA:291,6
DA:293,6
DA:294,6
DA:302,5
DA:303,5
DA:304,5
DA:305,5
DA:306,5
DA:309,5
DA:310,5
DA:312,1
DA:314,5
DA:315,1
DA:316,1
DA:320,5
DA:322,1
DA:324,5
DA:325,1
DA:326,1
DA:327,1
DA:331,4
DA:332,9
DA:334,4
DA:335,4
DA:336,4
DA:337,4
DA:338,1
DA:341,4
DA:342,4
DA:343,4
DA:345,4
DA:347,4
DA:348,4
DA:349,1
DA:351,4
DA:352,3
DA:355,4
DA:376,4
DA:377,4
DA:379,1
DA:381,8
DA:382,8
DA:383,7
DA:385,1
LF:174
LH:156
BRDA:39,0,0,0
BRDA:39,0,1,14
BRDA:52,1,0,0
BRDA:52,1,1,0
BRDA:52,1,2,0
BRDA:52,1,3,0
BRDA:52,1,4,0
BRDA:52,1,5,0
BRDA:52,1,6,0
BRDA:52,1,7,0
BRDA:52,1,8,0
BRDA:52,1,9,0
BRDA:52,1,10,0
BRDA:52,1,11,0
BRDA:75,2,0,0
BRDA:75,2,1,0
BRDA:80,3,0,0
BRDA:80,3,1,0
BRDA:80,4,0,0
BRDA:80,4,1,0
BRDA:81,5,0,0
BRDA:81,5,1,0
BRDA:93,6,0,0
BRDA:93,6,1,3
BRDA:95,7,0,3
BRDA:95,7,1,0
BRDA:99,8,0,0
BRDA:99,8,1,2
BRDA:102,9,0,1
BRDA:102,9,1,1
BRDA:108,10,0,1
BRDA:108,10,1,0
BRDA:114,11,0,0
BRDA:114,11,1,0
BRDA:118,12,0,0
BRDA:118,12,1,1
BRDA:123,13,0,0
BRDA:123,13,1,1
BRDA:127,14,0,1
BRDA:127,14,1,0
BRDA:132,15,0,0
BRDA:132,15,1,4
BRDA:132,16,0,4
BRDA:132,16,1,0
BRDA:133,17,0,4
BRDA:133,17,1,0
BRDA:134,18,0,0
BRDA:134,18,1,4
BRDA:135,19,0,0
BRDA:135,19,1,4
BRDA:142,20,0,6
BRDA:142,20,1,0
BRDA:143,21,0,2
BRDA:143,21,1,4
BRDA:143,22,0,6
BRDA:143,22,1,2
BRDA:159,23,0,0
BRDA:166,24,0,14
BRDA:166,24,1,0
BRDA:171,25,0,14
BRDA:171,25,1,0
BRDA:203,26,0,2
BRDA:203,26,1,11
BRDA:203,27,0,13
BRDA:203,27,1,6
BRDA:215,28,0,4
BRDA:215,28,1,9
BRDA:215,29,0,13
BRDA:215,29,1,4
BRDA:217,30,0,1
BRDA:217,30,1,3
BRDA:225,31,0,1
BRDA:225,31,1,1
BRDA:259,32,0,5
BRDA:259,32,1,8
BRDA:268,33,0,1
BRDA:268,33,1,7
BRDA:278,34,0,1
BRDA:278,34,1,6
BRDA:278,35,0,7
BRDA:278,35,1,6
BRDA:285,36,0,2
BRDA:285,36,1,4
BRDA:291,37,0,6
BRDA:291,37,1,0
BRDA:303,38,0,2
BRDA:303,38,1,3
BRDA:309,39,0,2
BRDA:309,39,1,3
BRDA:314,40,0,1
BRDA:314,40,1,4
BRDA:324,41,0,1
BRDA:324,41,1,4
BRDA:324,42,0,5
BRDA:324,42,1,1
BRDA:342,43,0,4
BRDA:342,43,1,0
BRDA:351,44,0,3
BRDA:351,44,1,1
BRDA:362,45,0,4
BRDA:362,45,1,0
BRDA:370,46,0,3
BRDA:370,46,1,1
BRF:103
BRH:61
end_of_record
