TN:
SF:src\cli\commands\migrateRollback.ts
FN:28,rollbackConnection
FN:57,(anonymous_2)
FN:71,(anonymous_3)
FN:72,(anonymous_4)
FN:83,(anonymous_5)
FN:84,(anonymous_6)
FN:179,migrateRollback
FNF:7
FNH:7
FNDA:7,rollbackConnection
FNDA:3,(anonymous_2)
FNDA:5,(anonymous_3)
FNDA:1,(anonymous_4)
FNDA:5,(anonymous_5)
FNDA:5,(anonymous_6)
FNDA:7,migrateRollback
DA:1,3
DA:2,3
DA:3,3
DA:4,3
DA:5,3
DA:6,3
DA:7,3
DA:8,3
DA:17,3
DA:18,3
DA:33,7
DA:35,7
DA:41,7
DA:42,7
DA:43,1
DA:44,1
DA:47,6
DA:48,6
DA:49,1
DA:50,1
DA:53,5
DA:54,5
DA:55,5
DA:57,5
DA:58,3
DA:61,5
DA:62,5
DA:64,5
DA:65,5
DA:66,5
DA:67,5
DA:69,5
DA:70,5
DA:71,5
DA:73,1
DA:74,1
DA:77,5
DA:78,1
DA:79,1
DA:80,1
DA:83,5
DA:84,5
DA:86,4
DA:87,0
DA:88,0
DA:89,0
DA:92,4
DA:94,4
DA:95,4
DA:96,4
DA:97,5
DA:98,5
DA:100,5
DA:101,1
DA:102,1
DA:103,1
DA:104,1
DA:105,1
DA:107,1
DA:110,1
DA:111,1
DA:117,0
DA:123,1
DA:124,1
DA:125,1
DA:127,0
DA:128,0
DA:129,0
DA:130,0
DA:134,0
DA:135,0
DA:136,0
DA:139,4
DA:140,4
DA:144,4
DA:145,0
DA:146,0
DA:149,4
DA:150,4
DA:152,2
DA:153,2
DA:154,2
DA:156,2
DA:157,2
DA:158,2
DA:159,2
DA:163,4
DA:164,4
DA:165,4
DA:167,0
DA:168,0
DA:169,0
DA:171,5
DA:172,5
DA:174,5
DA:175,5
DA:179,3
DA:182,7
DA:183,7
DA:188,7
DA:192,7
DA:193,7
DA:194,7
DA:195,7
DA:196,7
DA:206,7
DA:207,2
DA:211,7
DA:212,2
LF:109
LH:93
BRDA:33,0,0,5
BRDA:33,0,1,2
BRDA:37,1,0,0
BRDA:37,1,1,7
BRDA:42,2,0,1
BRDA:42,2,1,6
BRDA:47,3,0,6
BRDA:47,3,1,0
BRDA:48,4,0,1
BRDA:48,4,1,5
BRDA:48,5,0,6
BRDA:48,5,1,6
BRDA:57,6,0,3
BRDA:73,7,0,0
BRDA:73,7,1,1
BRDA:74,8,0,1
BRDA:74,8,1,0
BRDA:74,9,0,1
BRDA:74,9,1,0
BRDA:77,10,0,1
BRDA:77,10,1,4
BRDA:86,11,0,0
BRDA:86,11,1,4
BRDA:100,12,0,1
BRDA:100,12,1,4
BRDA:102,13,0,1
BRDA:102,13,1,0
BRDA:105,14,0,1
BRDA:105,14,1,0
BRDA:107,15,0,0
BRDA:107,15,1,1
BRDA:144,16,0,0
BRDA:144,16,1,4
BRDA:171,17,0,5
BRDA:171,17,1,0
BRDA:180,18,0,0
BRDA:183,19,0,5
BRDA:183,19,1,2
BRDA:185,20,0,2
BRDA:185,20,1,2
BRDA:188,21,0,7
BRDA:188,21,1,0
BRDA:188,22,0,7
BRDA:188,22,1,7
BRDA:193,23,0,7
BRDA:193,23,1,7
BRDA:200,24,0,5
BRDA:200,24,1,2
BRDA:206,25,0,2
BRDA:206,25,1,5
BRDA:211,26,0,2
BRDA:211,26,1,5
BRF:52
BRH:39
end_of_record
TN:
SF:src\core\connection\DriverAdapter.ts
FN:30,isSqlDriver
FN:34,assertSafeIdentifier
FN:41,wrapIdentifier
FN:44,(anonymous_3)
FN:52,hasReturningClause
FN:56,buildSqlAdapter
FN:63,(anonymous_6)
FN:65,(anonymous_7)
FN:73,(anonymous_8)
FN:98,(anonymous_9)
FN:102,(anonymous_10)
FN:106,(anonymous_11)
FN:109,(anonymous_12)
FN:117,(anonymous_13)
FN:125,(anonymous_14)
FN:128,(anonymous_15)
FN:132,(anonymous_16)
FN:135,(anonymous_17)
FN:142,(anonymous_18)
FN:149,(anonymous_19)
FN:153,(anonymous_20)
FN:157,(anonymous_21)
FN:160,(anonymous_22)
FN:169,(anonymous_23)
FN:173,createAdapter
FNF:25
FNH:25
FNDA:5,isSqlDriver
FNDA:13,assertSafeIdentifier
FNDA:7,wrapIdentifier
FNDA:13,(anonymous_3)
FNDA:2,hasReturningClause
FNDA:5,buildSqlAdapter
FNDA:17,(anonymous_6)
FNDA:5,(anonymous_7)
FNDA:4,(anonymous_8)
FNDA:2,(anonymous_9)
FNDA:1,(anonymous_10)
FNDA:1,(anonymous_11)
FNDA:1,(anonymous_12)
FNDA:5,(anonymous_13)
FNDA:1,(anonymous_14)
FNDA:1,(anonymous_15)
FNDA:1,(anonymous_16)
FNDA:1,(anonymous_17)
FNDA:1,(anonymous_18)
FNDA:2,(anonymous_19)
FNDA:1,(anonymous_20)
FNDA:1,(anonymous_21)
FNDA:2,(anonymous_22)
FNDA:1,(anonymous_23)
FNDA:6,createAdapter
DA:2,1
DA:31,5
DA:35,13
DA:36,12
DA:37,3
DA:42,7
DA:43,7
DA:44,7
DA:45,13
DA:46,10
DA:47,9
DA:49,4
DA:53,2
DA:61,5
DA:63,17
DA:65,5
DA:66,5
DA:67,5
DA:68,13
DA:70,5
DA:73,5
DA:74,4
DA:75,1
DA:78,3
DA:79,1
DA:86,2
DA:87,2
DA:94,5
DA:95,2
DA:99,2
DA:100,2
DA:103,1
DA:104,1
DA:107,1
DA:110,1
DA:111,1
DA:112,1
DA:117,5
DA:121,3
DA:122,1
DA:126,1
DA:129,1
DA:130,1
DA:133,1
DA:136,1
DA:137,1
DA:142,1
DA:146,2
DA:150,2
DA:151,2
DA:154,1
DA:155,1
DA:158,1
DA:161,2
DA:162,2
DA:163,2
DA:164,2
DA:169,1
DA:173,1
DA:177,6
DA:178,6
DA:180,6
DA:181,1
DA:184,5
DA:185,0
DA:188,5
LF:66
LH:65
BRDA:31,0,0,5
BRDA:31,0,1,3
BRDA:31,0,2,1
BRDA:35,1,0,1
BRDA:35,1,1,12
BRDA:36,2,0,3
BRDA:36,2,1,9
BRDA:42,3,0,0
BRDA:42,3,1,7
BRDA:46,4,0,1
BRDA:46,4,1,9
BRDA:61,5,0,2
BRDA:61,5,1,3
BRDA:63,6,0,5
BRDA:63,6,1,12
BRDA:65,7,0,0
BRDA:73,8,0,0
BRDA:74,9,0,1
BRDA:74,9,1,3
BRDA:78,10,0,1
BRDA:78,10,1,2
BRDA:94,11,0,2
BRDA:94,11,1,3
BRDA:98,12,0,1
BRDA:102,13,0,0
BRDA:104,14,0,1
BRDA:104,14,1,0
BRDA:106,15,0,0
BRDA:109,16,0,0
BRDA:111,17,0,1
BRDA:111,17,1,0
BRDA:111,17,2,0
BRDA:121,18,0,1
BRDA:121,18,1,2
BRDA:125,19,0,1
BRDA:128,20,0,0
BRDA:130,21,0,1
BRDA:130,21,1,0
BRDA:132,22,0,0
BRDA:135,23,0,0
BRDA:149,24,0,1
BRDA:153,25,0,0
BRDA:155,26,0,1
BRDA:155,26,1,0
BRDA:157,27,0,0
BRDA:160,28,0,0
BRDA:161,29,0,1
BRDA:161,29,1,1
BRDA:180,30,0,1
BRDA:180,30,1,5
BRDA:184,31,0,0
BRDA:184,31,1,5
BRDA:184,32,0,5
BRDA:184,32,1,5
BRF:54
BRH:36
end_of_record
